2014-12-04 09:55:46.832 DEBUG  c.x.c.PanBaiduBatchSave [PanBaiduBatchSave.java:63] 没有登陆啊！
2014-12-04 09:55:46.832 DEBUG  c.x.c.PanBaiduBatchSave [PanBaiduBatchSave.java:63] 没有登陆啊！
2014-12-04 09:55:49.089 DEBUG  c.x.c.PanBaiduBatchSave [PanBaiduBatchSave.java:71] 登陆成功！
2014-12-04 09:55:49.089 DEBUG  c.x.c.PanBaiduBatchSave [PanBaiduBatchSave.java:71] 登陆成功！
2014-12-04 09:55:54.150 DEBUG  c.x.c.PanBaiduBatchSave [PanBaiduBatchSave.java:88] 已处理：制作好的视频
2014-12-04 09:55:54.150 DEBUG  c.x.c.PanBaiduBatchSave [PanBaiduBatchSave.java:88] 已处理：制作好的视频
2014-12-04 09:55:54.174 DEBUG  c.x.c.PanBaiduBatchSave [PanBaiduBatchSave.java:88] 已处理：制作好的视频
2014-12-04 09:55:54.174 DEBUG  c.x.c.PanBaiduBatchSave [PanBaiduBatchSave.java:88] 已处理：制作好的视频
2014-12-04 09:55:54.205 DEBUG  c.x.c.PanBaiduBatchSave [PanBaiduBatchSave.java:96] 待处理：fileName:tony-intro.mov,fileHref:http://pan.baidu.com/s/1c05omkC
2014-12-04 09:55:54.205 DEBUG  c.x.c.PanBaiduBatchSave [PanBaiduBatchSave.java:96] 待处理：fileName:tony-intro.mov,fileHref:http://pan.baidu.com/s/1c05omkC
2014-12-04 09:56:16.245 DEBUG  c.x.c.PanBaiduBatchSave [PanBaiduBatchSave.java:188] 没有最新保存路径~~~~~
2014-12-04 09:56:16.245 DEBUG  c.x.c.PanBaiduBatchSave [PanBaiduBatchSave.java:188] 没有最新保存路径~~~~~
2014-12-04 09:56:26.761 DEBUG  c.x.c.PanBaiduBatchSave [PanBaiduBatchSave.java:224] 文件已存在 点击查看
2014-12-04 09:56:26.761 DEBUG  c.x.c.PanBaiduBatchSave [PanBaiduBatchSave.java:224] 文件已存在 点击查看
2014-12-04 09:56:27.914 DEBUG  c.x.c.PanBaiduBatchSave [PanBaiduBatchSave.java:88] 已处理：photo
2014-12-04 09:56:27.914 DEBUG  c.x.c.PanBaiduBatchSave [PanBaiduBatchSave.java:88] 已处理：photo
2014-12-04 09:56:27.950 DEBUG  c.x.c.PanBaiduBatchSave [PanBaiduBatchSave.java:96] 待处理：fileName:开源力量公开课第四十三期-红帽Openstack快速入门-王钧.zip,fileHref:http://pan.baidu.com/s/129f9w
2014-12-04 09:56:27.950 DEBUG  c.x.c.PanBaiduBatchSave [PanBaiduBatchSave.java:96] 待处理：fileName:开源力量公开课第四十三期-红帽Openstack快速入门-王钧.zip,fileHref:http://pan.baidu.com/s/129f9w
2014-12-04 10:37:50.700 DEBUG  c.x.c.PanBaiduBatchSave [PanBaiduBatchSave.java:64] 没有登陆啊！
2014-12-04 10:37:50.700 DEBUG  c.x.c.PanBaiduBatchSave [PanBaiduBatchSave.java:64] 没有登陆啊！
2014-12-04 10:37:52.884 DEBUG  c.x.c.PanBaiduBatchSave [PanBaiduBatchSave.java:72] 登陆成功！
2014-12-04 10:37:52.884 DEBUG  c.x.c.PanBaiduBatchSave [PanBaiduBatchSave.java:72] 登陆成功！
2014-12-04 10:37:57.948 DEBUG  c.x.c.PanBaiduBatchSave [PanBaiduBatchSave.java:89] 已处理：制作好的视频
2014-12-04 10:37:57.948 DEBUG  c.x.c.PanBaiduBatchSave [PanBaiduBatchSave.java:89] 已处理：制作好的视频
2014-12-04 10:37:57.971 DEBUG  c.x.c.PanBaiduBatchSave [PanBaiduBatchSave.java:89] 已处理：制作好的视频
2014-12-04 10:37:57.971 DEBUG  c.x.c.PanBaiduBatchSave [PanBaiduBatchSave.java:89] 已处理：制作好的视频
2014-12-04 10:37:57.992 DEBUG  c.x.c.PanBaiduBatchSave [PanBaiduBatchSave.java:89] 已处理：tony-intro.mov
2014-12-04 10:37:57.992 DEBUG  c.x.c.PanBaiduBatchSave [PanBaiduBatchSave.java:89] 已处理：tony-intro.mov
2014-12-04 10:37:58.012 DEBUG  c.x.c.PanBaiduBatchSave [PanBaiduBatchSave.java:89] 已处理：photo
2014-12-04 10:37:58.012 DEBUG  c.x.c.PanBaiduBatchSave [PanBaiduBatchSave.java:89] 已处理：photo
2014-12-04 10:37:58.042 DEBUG  c.x.c.PanBaiduBatchSave [PanBaiduBatchSave.java:97] 待处理：fileName:开源力量公开课第四十三期-红帽Openstack快速入门-王钧.zip,fileHref:http://pan.baidu.com/s/129f9w
2014-12-04 10:37:58.042 DEBUG  c.x.c.PanBaiduBatchSave [PanBaiduBatchSave.java:97] 待处理：fileName:开源力量公开课第四十三期-红帽Openstack快速入门-王钧.zip,fileHref:http://pan.baidu.com/s/129f9w
2014-12-04 10:38:19.810 DEBUG  c.x.c.PanBaiduBatchSave [PanBaiduBatchSave.java:194] 没有最新保存路径~~~~~
2014-12-04 10:38:19.810 DEBUG  c.x.c.PanBaiduBatchSave [PanBaiduBatchSave.java:194] 没有最新保存路径~~~~~
2014-12-04 10:38:30.290 DEBUG  c.x.c.PanBaiduBatchSave [PanBaiduBatchSave.java:230] 保存成功，点击查看保存的文件
2014-12-04 10:38:30.290 DEBUG  c.x.c.PanBaiduBatchSave [PanBaiduBatchSave.java:230] 保存成功，点击查看保存的文件
2014-12-04 10:38:31.412 DEBUG  c.x.c.PanBaiduBatchSave [PanBaiduBatchSave.java:97] 待处理：fileName:公开课第19期.flv,fileHref:http://pan.baidu.com/s/1Dy17a
2014-12-04 10:38:31.412 DEBUG  c.x.c.PanBaiduBatchSave [PanBaiduBatchSave.java:97] 待处理：fileName:公开课第19期.flv,fileHref:http://pan.baidu.com/s/1Dy17a
2014-12-04 10:41:09.144 DEBUG  c.x.c.PanBaiduBatchSave [PanBaiduBatchSave.java:64] 没有登陆啊！
2014-12-04 10:41:09.144 DEBUG  c.x.c.PanBaiduBatchSave [PanBaiduBatchSave.java:64] 没有登陆啊！
2014-12-04 10:41:11.402 DEBUG  c.x.c.PanBaiduBatchSave [PanBaiduBatchSave.java:72] 登陆成功！
2014-12-04 10:41:11.402 DEBUG  c.x.c.PanBaiduBatchSave [PanBaiduBatchSave.java:72] 登陆成功！
2014-12-04 10:41:16.465 DEBUG  c.x.c.PanBaiduBatchSave [PanBaiduBatchSave.java:89] 已处理：制作好的视频
2014-12-04 10:41:16.465 DEBUG  c.x.c.PanBaiduBatchSave [PanBaiduBatchSave.java:89] 已处理：制作好的视频
2014-12-04 10:41:16.485 DEBUG  c.x.c.PanBaiduBatchSave [PanBaiduBatchSave.java:89] 已处理：制作好的视频
2014-12-04 10:41:16.485 DEBUG  c.x.c.PanBaiduBatchSave [PanBaiduBatchSave.java:89] 已处理：制作好的视频
2014-12-04 10:41:16.505 DEBUG  c.x.c.PanBaiduBatchSave [PanBaiduBatchSave.java:89] 已处理：tony-intro.mov
2014-12-04 10:41:16.505 DEBUG  c.x.c.PanBaiduBatchSave [PanBaiduBatchSave.java:89] 已处理：tony-intro.mov
2014-12-04 10:41:16.532 DEBUG  c.x.c.PanBaiduBatchSave [PanBaiduBatchSave.java:97] 待处理：fileName:photo,fileHref:http://pan.baidu.com/s/1pJrZ3GR
2014-12-04 10:41:16.532 DEBUG  c.x.c.PanBaiduBatchSave [PanBaiduBatchSave.java:97] 待处理：fileName:photo,fileHref:http://pan.baidu.com/s/1pJrZ3GR
2014-12-04 10:43:21.821 DEBUG  c.x.c.PanBaiduBatchSave [PanBaiduBatchSave.java:64] 没有登陆啊！
2014-12-04 10:43:21.821 DEBUG  c.x.c.PanBaiduBatchSave [PanBaiduBatchSave.java:64] 没有登陆啊！
2014-12-04 10:43:23.997 DEBUG  c.x.c.PanBaiduBatchSave [PanBaiduBatchSave.java:72] 登陆成功！
2014-12-04 10:43:23.997 DEBUG  c.x.c.PanBaiduBatchSave [PanBaiduBatchSave.java:72] 登陆成功！
2014-12-04 10:43:29.081 DEBUG  c.x.c.PanBaiduBatchSave [PanBaiduBatchSave.java:89] 已处理：制作好的视频
2014-12-04 10:43:29.081 DEBUG  c.x.c.PanBaiduBatchSave [PanBaiduBatchSave.java:89] 已处理：制作好的视频
2014-12-04 10:43:29.110 DEBUG  c.x.c.PanBaiduBatchSave [PanBaiduBatchSave.java:89] 已处理：制作好的视频
2014-12-04 10:43:29.110 DEBUG  c.x.c.PanBaiduBatchSave [PanBaiduBatchSave.java:89] 已处理：制作好的视频
2014-12-04 10:43:29.130 DEBUG  c.x.c.PanBaiduBatchSave [PanBaiduBatchSave.java:89] 已处理：tony-intro.mov
2014-12-04 10:43:29.130 DEBUG  c.x.c.PanBaiduBatchSave [PanBaiduBatchSave.java:89] 已处理：tony-intro.mov
2014-12-04 10:43:29.150 DEBUG  c.x.c.PanBaiduBatchSave [PanBaiduBatchSave.java:89] 已处理：photo
2014-12-04 10:43:29.150 DEBUG  c.x.c.PanBaiduBatchSave [PanBaiduBatchSave.java:89] 已处理：photo
2014-12-04 10:43:29.171 DEBUG  c.x.c.PanBaiduBatchSave [PanBaiduBatchSave.java:89] 已处理：开源力量公开课第四十三期-红帽Openstack快速入门-王钧.zip
2014-12-04 10:43:29.171 DEBUG  c.x.c.PanBaiduBatchSave [PanBaiduBatchSave.java:89] 已处理：开源力量公开课第四十三期-红帽Openstack快速入门-王钧.zip
2014-12-04 10:43:29.207 DEBUG  c.x.c.PanBaiduBatchSave [PanBaiduBatchSave.java:97] 待处理：fileName:公开课第19期.flv,fileHref:http://pan.baidu.com/s/1Dy17a
2014-12-04 10:43:29.207 DEBUG  c.x.c.PanBaiduBatchSave [PanBaiduBatchSave.java:97] 待处理：fileName:公开课第19期.flv,fileHref:http://pan.baidu.com/s/1Dy17a
2014-12-04 10:43:51.257 DEBUG  c.x.c.PanBaiduBatchSave [PanBaiduBatchSave.java:194] 没有最新保存路径~~~~~
2014-12-04 10:43:51.257 DEBUG  c.x.c.PanBaiduBatchSave [PanBaiduBatchSave.java:194] 没有最新保存路径~~~~~
2014-12-04 10:44:11.501 DEBUG  c.x.c.PanBaiduBatchSave [PanBaiduBatchSave.java:234] 保存成功，点击查看保存的文件
2014-12-04 10:44:11.501 DEBUG  c.x.c.PanBaiduBatchSave [PanBaiduBatchSave.java:234] 保存成功，点击查看保存的文件
2014-12-04 10:44:12.596 DEBUG  c.x.c.PanBaiduBatchSave [PanBaiduBatchSave.java:97] 待处理：fileName:公开课第25期.flv,fileHref:http://pan.baidu.com/s/1vN2GM
2014-12-04 10:44:12.596 DEBUG  c.x.c.PanBaiduBatchSave [PanBaiduBatchSave.java:97] 待处理：fileName:公开课第25期.flv,fileHref:http://pan.baidu.com/s/1vN2GM
2014-12-04 10:44:40.138 DEBUG  c.x.c.PanBaiduBatchSave [PanBaiduBatchSave.java:234] 保存成功，点击查看保存的文件
2014-12-04 10:44:40.138 DEBUG  c.x.c.PanBaiduBatchSave [PanBaiduBatchSave.java:234] 保存成功，点击查看保存的文件
2014-12-04 10:44:41.266 DEBUG  c.x.c.PanBaiduBatchSave [PanBaiduBatchSave.java:97] 待处理：fileName:公开课第18期.flv,fileHref:http://pan.baidu.com/s/129dU7
2014-12-04 10:44:41.266 DEBUG  c.x.c.PanBaiduBatchSave [PanBaiduBatchSave.java:97] 待处理：fileName:公开课第18期.flv,fileHref:http://pan.baidu.com/s/129dU7
2014-12-04 10:45:08.768 DEBUG  c.x.c.PanBaiduBatchSave [PanBaiduBatchSave.java:234] 保存成功，点击查看保存的文件
2014-12-04 10:45:08.768 DEBUG  c.x.c.PanBaiduBatchSave [PanBaiduBatchSave.java:234] 保存成功，点击查看保存的文件
2014-12-04 10:45:09.894 DEBUG  c.x.c.PanBaiduBatchSave [PanBaiduBatchSave.java:97] 待处理：fileName:公开课第17期.flv,fileHref:http://pan.baidu.com/s/1Bw7G3
2014-12-04 10:45:09.894 DEBUG  c.x.c.PanBaiduBatchSave [PanBaiduBatchSave.java:97] 待处理：fileName:公开课第17期.flv,fileHref:http://pan.baidu.com/s/1Bw7G3
2014-12-04 10:45:37.395 DEBUG  c.x.c.PanBaiduBatchSave [PanBaiduBatchSave.java:234] 保存成功，点击查看保存的文件
2014-12-04 10:45:37.395 DEBUG  c.x.c.PanBaiduBatchSave [PanBaiduBatchSave.java:234] 保存成功，点击查看保存的文件
2014-12-04 10:45:38.507 DEBUG  c.x.c.PanBaiduBatchSave [PanBaiduBatchSave.java:97] 待处理：fileName:公开课第15期.flv,fileHref:http://pan.baidu.com/s/1GgqkJ
2014-12-04 10:45:38.507 DEBUG  c.x.c.PanBaiduBatchSave [PanBaiduBatchSave.java:97] 待处理：fileName:公开课第15期.flv,fileHref:http://pan.baidu.com/s/1GgqkJ
2014-12-04 10:46:07.186 DEBUG  c.x.c.PanBaiduBatchSave [PanBaiduBatchSave.java:234] 保存成功，点击查看保存的文件
2014-12-04 10:46:07.186 DEBUG  c.x.c.PanBaiduBatchSave [PanBaiduBatchSave.java:234] 保存成功，点击查看保存的文件
2014-12-04 10:46:08.307 DEBUG  c.x.c.PanBaiduBatchSave [PanBaiduBatchSave.java:97] 待处理：fileName:公开课第14期.flv,fileHref:http://pan.baidu.com/s/1b4I5n
2014-12-04 10:46:08.307 DEBUG  c.x.c.PanBaiduBatchSave [PanBaiduBatchSave.java:97] 待处理：fileName:公开课第14期.flv,fileHref:http://pan.baidu.com/s/1b4I5n
2014-12-04 10:46:35.788 DEBUG  c.x.c.PanBaiduBatchSave [PanBaiduBatchSave.java:234] 保存成功，点击查看保存的文件
2014-12-04 10:46:35.788 DEBUG  c.x.c.PanBaiduBatchSave [PanBaiduBatchSave.java:234] 保存成功，点击查看保存的文件
2014-12-04 10:46:36.902 DEBUG  c.x.c.PanBaiduBatchSave [PanBaiduBatchSave.java:97] 待处理：fileName:公开课第11期.flv,fileHref:http://pan.baidu.com/s/1AGChs
2014-12-04 10:46:36.902 DEBUG  c.x.c.PanBaiduBatchSave [PanBaiduBatchSave.java:97] 待处理：fileName:公开课第11期.flv,fileHref:http://pan.baidu.com/s/1AGChs
2014-12-04 10:47:04.277 DEBUG  c.x.c.PanBaiduBatchSave [PanBaiduBatchSave.java:234] 保存成功，点击查看保存的文件
2014-12-04 10:47:04.277 DEBUG  c.x.c.PanBaiduBatchSave [PanBaiduBatchSave.java:234] 保存成功，点击查看保存的文件
2014-12-04 10:47:05.368 DEBUG  c.x.c.PanBaiduBatchSave [PanBaiduBatchSave.java:97] 待处理：fileName:公开课第10期.flv,fileHref:http://pan.baidu.com/s/107nNt
2014-12-04 10:47:05.368 DEBUG  c.x.c.PanBaiduBatchSave [PanBaiduBatchSave.java:97] 待处理：fileName:公开课第10期.flv,fileHref:http://pan.baidu.com/s/107nNt
2014-12-04 10:47:32.713 DEBUG  c.x.c.PanBaiduBatchSave [PanBaiduBatchSave.java:234] 保存成功，点击查看保存的文件
2014-12-04 10:47:32.713 DEBUG  c.x.c.PanBaiduBatchSave [PanBaiduBatchSave.java:234] 保存成功，点击查看保存的文件
2014-12-04 10:47:33.803 DEBUG  c.x.c.PanBaiduBatchSave [PanBaiduBatchSave.java:97] 待处理：fileName:公开课第9期.flv,fileHref:http://pan.baidu.com/s/1OL13
2014-12-04 10:47:33.803 DEBUG  c.x.c.PanBaiduBatchSave [PanBaiduBatchSave.java:97] 待处理：fileName:公开课第9期.flv,fileHref:http://pan.baidu.com/s/1OL13
2014-12-04 10:48:01.151 DEBUG  c.x.c.PanBaiduBatchSave [PanBaiduBatchSave.java:234] 保存成功，点击查看保存的文件
2014-12-04 10:48:01.151 DEBUG  c.x.c.PanBaiduBatchSave [PanBaiduBatchSave.java:234] 保存成功，点击查看保存的文件
2014-12-04 10:48:02.269 DEBUG  c.x.c.PanBaiduBatchSave [PanBaiduBatchSave.java:97] 待处理：fileName:公开课第8期.flv,fileHref:http://pan.baidu.com/s/15qUPn
2014-12-04 10:48:02.269 DEBUG  c.x.c.PanBaiduBatchSave [PanBaiduBatchSave.java:97] 待处理：fileName:公开课第8期.flv,fileHref:http://pan.baidu.com/s/15qUPn
2014-12-04 10:48:29.724 DEBUG  c.x.c.PanBaiduBatchSave [PanBaiduBatchSave.java:234] 保存成功，点击查看保存的文件
2014-12-04 10:48:29.724 DEBUG  c.x.c.PanBaiduBatchSave [PanBaiduBatchSave.java:234] 保存成功，点击查看保存的文件
2014-12-04 10:48:30.852 DEBUG  c.x.c.PanBaiduBatchSave [PanBaiduBatchSave.java:97] 待处理：fileName:公开课第2期.flv,fileHref:http://pan.baidu.com/s/1y5tfu
2014-12-04 10:48:30.852 DEBUG  c.x.c.PanBaiduBatchSave [PanBaiduBatchSave.java:97] 待处理：fileName:公开课第2期.flv,fileHref:http://pan.baidu.com/s/1y5tfu
2014-12-04 10:48:58.330 DEBUG  c.x.c.PanBaiduBatchSave [PanBaiduBatchSave.java:234] 保存成功，点击查看保存的文件
2014-12-04 10:48:58.330 DEBUG  c.x.c.PanBaiduBatchSave [PanBaiduBatchSave.java:234] 保存成功，点击查看保存的文件
2014-12-04 10:48:59.442 DEBUG  c.x.c.PanBaiduBatchSave [PanBaiduBatchSave.java:97] 待处理：fileName:公开课第1期.flv,fileHref:http://pan.baidu.com/s/1cQEq7
2014-12-04 10:48:59.442 DEBUG  c.x.c.PanBaiduBatchSave [PanBaiduBatchSave.java:97] 待处理：fileName:公开课第1期.flv,fileHref:http://pan.baidu.com/s/1cQEq7
2014-12-04 10:49:26.925 DEBUG  c.x.c.PanBaiduBatchSave [PanBaiduBatchSave.java:234] 保存成功，点击查看保存的文件
2014-12-04 10:49:26.925 DEBUG  c.x.c.PanBaiduBatchSave [PanBaiduBatchSave.java:234] 保存成功，点击查看保存的文件
2014-12-04 10:49:28.046 DEBUG  c.x.c.PanBaiduBatchSave [PanBaiduBatchSave.java:97] 待处理：fileName:开源力量公开课第四十一期-为什么比特币是靠谱的？20131203190243#.flv,fileHref:http://pan.baidu.com/s/1iCX2
2014-12-04 10:49:28.046 DEBUG  c.x.c.PanBaiduBatchSave [PanBaiduBatchSave.java:97] 待处理：fileName:开源力量公开课第四十一期-为什么比特币是靠谱的？20131203190243#.flv,fileHref:http://pan.baidu.com/s/1iCX2
2014-12-04 10:56:23.777 DEBUG  c.x.c.PanBaiduBatchSave [PanBaiduBatchSave.java:64] 没有登陆啊！
2014-12-04 10:56:23.777 DEBUG  c.x.c.PanBaiduBatchSave [PanBaiduBatchSave.java:64] 没有登陆啊！
2014-12-04 10:56:26.099 DEBUG  c.x.c.PanBaiduBatchSave [PanBaiduBatchSave.java:72] 登陆成功！
2014-12-04 10:56:26.099 DEBUG  c.x.c.PanBaiduBatchSave [PanBaiduBatchSave.java:72] 登陆成功！
2014-12-04 10:56:31.160 DEBUG  c.x.c.PanBaiduBatchSave [PanBaiduBatchSave.java:89] 已处理：制作好的视频
2014-12-04 10:56:31.160 DEBUG  c.x.c.PanBaiduBatchSave [PanBaiduBatchSave.java:89] 已处理：制作好的视频
2014-12-04 10:56:31.182 DEBUG  c.x.c.PanBaiduBatchSave [PanBaiduBatchSave.java:89] 已处理：制作好的视频
2014-12-04 10:56:31.182 DEBUG  c.x.c.PanBaiduBatchSave [PanBaiduBatchSave.java:89] 已处理：制作好的视频
2014-12-04 10:56:31.204 DEBUG  c.x.c.PanBaiduBatchSave [PanBaiduBatchSave.java:89] 已处理：tony-intro.mov
2014-12-04 10:56:31.204 DEBUG  c.x.c.PanBaiduBatchSave [PanBaiduBatchSave.java:89] 已处理：tony-intro.mov
2014-12-04 10:56:31.224 DEBUG  c.x.c.PanBaiduBatchSave [PanBaiduBatchSave.java:89] 已处理：photo
2014-12-04 10:56:31.224 DEBUG  c.x.c.PanBaiduBatchSave [PanBaiduBatchSave.java:89] 已处理：photo
2014-12-04 10:56:31.244 DEBUG  c.x.c.PanBaiduBatchSave [PanBaiduBatchSave.java:89] 已处理：开源力量公开课第四十三期-红帽Openstack快速入门-王钧.zip
2014-12-04 10:56:31.244 DEBUG  c.x.c.PanBaiduBatchSave [PanBaiduBatchSave.java:89] 已处理：开源力量公开课第四十三期-红帽Openstack快速入门-王钧.zip
2014-12-04 10:56:31.264 DEBUG  c.x.c.PanBaiduBatchSave [PanBaiduBatchSave.java:89] 已处理：公开课第19期.flv
2014-12-04 10:56:31.264 DEBUG  c.x.c.PanBaiduBatchSave [PanBaiduBatchSave.java:89] 已处理：公开课第19期.flv
2014-12-04 10:56:31.285 DEBUG  c.x.c.PanBaiduBatchSave [PanBaiduBatchSave.java:89] 已处理：公开课第25期.flv
2014-12-04 10:56:31.285 DEBUG  c.x.c.PanBaiduBatchSave [PanBaiduBatchSave.java:89] 已处理：公开课第25期.flv
2014-12-04 10:56:31.306 DEBUG  c.x.c.PanBaiduBatchSave [PanBaiduBatchSave.java:89] 已处理：公开课第18期.flv
2014-12-04 10:56:31.306 DEBUG  c.x.c.PanBaiduBatchSave [PanBaiduBatchSave.java:89] 已处理：公开课第18期.flv
2014-12-04 10:56:31.327 DEBUG  c.x.c.PanBaiduBatchSave [PanBaiduBatchSave.java:89] 已处理：公开课第17期.flv
2014-12-04 10:56:31.327 DEBUG  c.x.c.PanBaiduBatchSave [PanBaiduBatchSave.java:89] 已处理：公开课第17期.flv
2014-12-04 10:56:31.348 DEBUG  c.x.c.PanBaiduBatchSave [PanBaiduBatchSave.java:89] 已处理：公开课第15期.flv
2014-12-04 10:56:31.348 DEBUG  c.x.c.PanBaiduBatchSave [PanBaiduBatchSave.java:89] 已处理：公开课第15期.flv
2014-12-04 10:56:31.368 DEBUG  c.x.c.PanBaiduBatchSave [PanBaiduBatchSave.java:89] 已处理：公开课第14期.flv
2014-12-04 10:56:31.368 DEBUG  c.x.c.PanBaiduBatchSave [PanBaiduBatchSave.java:89] 已处理：公开课第14期.flv
2014-12-04 10:56:31.390 DEBUG  c.x.c.PanBaiduBatchSave [PanBaiduBatchSave.java:89] 已处理：公开课第11期.flv
2014-12-04 10:56:31.390 DEBUG  c.x.c.PanBaiduBatchSave [PanBaiduBatchSave.java:89] 已处理：公开课第11期.flv
2014-12-04 10:56:31.412 DEBUG  c.x.c.PanBaiduBatchSave [PanBaiduBatchSave.java:89] 已处理：公开课第10期.flv
2014-12-04 10:56:31.412 DEBUG  c.x.c.PanBaiduBatchSave [PanBaiduBatchSave.java:89] 已处理：公开课第10期.flv
2014-12-04 10:56:31.432 DEBUG  c.x.c.PanBaiduBatchSave [PanBaiduBatchSave.java:89] 已处理：公开课第9期.flv
2014-12-04 10:56:31.432 DEBUG  c.x.c.PanBaiduBatchSave [PanBaiduBatchSave.java:89] 已处理：公开课第9期.flv
2014-12-04 10:56:31.453 DEBUG  c.x.c.PanBaiduBatchSave [PanBaiduBatchSave.java:89] 已处理：公开课第8期.flv
2014-12-04 10:56:31.453 DEBUG  c.x.c.PanBaiduBatchSave [PanBaiduBatchSave.java:89] 已处理：公开课第8期.flv
2014-12-04 10:56:31.474 DEBUG  c.x.c.PanBaiduBatchSave [PanBaiduBatchSave.java:89] 已处理：公开课第2期.flv
2014-12-04 10:56:31.474 DEBUG  c.x.c.PanBaiduBatchSave [PanBaiduBatchSave.java:89] 已处理：公开课第2期.flv
2014-12-04 10:56:31.495 DEBUG  c.x.c.PanBaiduBatchSave [PanBaiduBatchSave.java:89] 已处理：公开课第1期.flv
2014-12-04 10:56:31.495 DEBUG  c.x.c.PanBaiduBatchSave [PanBaiduBatchSave.java:89] 已处理：公开课第1期.flv
2014-12-04 10:56:31.532 DEBUG  c.x.c.PanBaiduBatchSave [PanBaiduBatchSave.java:97] 待处理：fileName:开源力量公开课第四十一期-为什么比特币是靠谱的？20131203190243#.flv,fileHref:http://pan.baidu.com/s/1iCX2
2014-12-04 10:56:31.532 DEBUG  c.x.c.PanBaiduBatchSave [PanBaiduBatchSave.java:97] 待处理：fileName:开源力量公开课第四十一期-为什么比特币是靠谱的？20131203190243#.flv,fileHref:http://pan.baidu.com/s/1iCX2
2014-12-04 10:56:32.991 DEBUG  c.x.c.PanBaiduBatchSave [PanBaiduBatchSave.java:181] 此链接分享内容可能因为涉及侵权、色情、反动、低俗等信息，无法访问!
2014-12-04 10:56:32.991 DEBUG  c.x.c.PanBaiduBatchSave [PanBaiduBatchSave.java:181] 此链接分享内容可能因为涉及侵权、色情、反动、低俗等信息，无法访问!
2014-12-04 10:56:34.109 DEBUG  c.x.c.PanBaiduBatchSave [PanBaiduBatchSave.java:97] 待处理：fileName:开源力量公开课第四十二期-应用性能管理的过去现在和未来-何晓阳.zip,fileHref:http://pan.baidu.com/s/1pbEaX
2014-12-04 10:56:34.109 DEBUG  c.x.c.PanBaiduBatchSave [PanBaiduBatchSave.java:97] 待处理：fileName:开源力量公开课第四十二期-应用性能管理的过去现在和未来-何晓阳.zip,fileHref:http://pan.baidu.com/s/1pbEaX
2014-12-04 10:56:50.920 DEBUG  c.x.c.PanBaiduBatchSave [PanBaiduBatchSave.java:206] 没有最新保存路径~~~~~
2014-12-04 10:56:50.920 DEBUG  c.x.c.PanBaiduBatchSave [PanBaiduBatchSave.java:206] 没有最新保存路径~~~~~
2014-12-04 10:57:01.353 DEBUG  c.x.c.PanBaiduBatchSave [PanBaiduBatchSave.java:246] 保存成功，点击查看保存的文件
2014-12-04 10:57:01.353 DEBUG  c.x.c.PanBaiduBatchSave [PanBaiduBatchSave.java:246] 保存成功，点击查看保存的文件
2014-12-04 10:57:02.453 DEBUG  c.x.c.PanBaiduBatchSave [PanBaiduBatchSave.java:97] 待处理：fileName:X展架-公益大学大数据.rar,fileHref:http://pan.baidu.com/s/17rLCy
2014-12-04 10:57:02.453 DEBUG  c.x.c.PanBaiduBatchSave [PanBaiduBatchSave.java:97] 待处理：fileName:X展架-公益大学大数据.rar,fileHref:http://pan.baidu.com/s/17rLCy
2014-12-04 10:57:19.796 DEBUG  c.x.c.PanBaiduBatchSave [PanBaiduBatchSave.java:246] 保存成功，点击查看保存的文件
2014-12-04 10:57:19.796 DEBUG  c.x.c.PanBaiduBatchSave [PanBaiduBatchSave.java:246] 保存成功，点击查看保存的文件
2014-12-04 10:57:20.890 DEBUG  c.x.c.PanBaiduBatchSave [PanBaiduBatchSave.java:97] 待处理：fileName:L2.flv等,fileHref:http://pan.baidu.com/s/1teA0d
2014-12-04 10:57:20.890 DEBUG  c.x.c.PanBaiduBatchSave [PanBaiduBatchSave.java:97] 待处理：fileName:L2.flv等,fileHref:http://pan.baidu.com/s/1teA0d
2014-12-04 10:57:40.286 DEBUG  c.x.c.PanBaiduBatchSave [PanBaiduBatchSave.java:246] 保存成功，点击查看保存的文件
2014-12-04 10:57:40.286 DEBUG  c.x.c.PanBaiduBatchSave [PanBaiduBatchSave.java:246] 保存成功，点击查看保存的文件
2014-12-04 10:57:41.383 DEBUG  c.x.c.PanBaiduBatchSave [PanBaiduBatchSave.java:97] 待处理：fileName:开源力量公开课第41期-为什么比特币是靠谱的-潘志飙.zip,fileHref:http://pan.baidu.com/s/17rIMf
2014-12-04 10:57:41.383 DEBUG  c.x.c.PanBaiduBatchSave [PanBaiduBatchSave.java:97] 待处理：fileName:开源力量公开课第41期-为什么比特币是靠谱的-潘志飙.zip,fileHref:http://pan.baidu.com/s/17rIMf
2014-12-04 10:57:58.810 DEBUG  c.x.c.PanBaiduBatchSave [PanBaiduBatchSave.java:246] 保存成功，点击查看保存的文件
2014-12-04 10:57:58.810 DEBUG  c.x.c.PanBaiduBatchSave [PanBaiduBatchSave.java:246] 保存成功，点击查看保存的文件
2014-12-04 10:57:59.931 DEBUG  c.x.c.PanBaiduBatchSave [PanBaiduBatchSave.java:97] 待处理：fileName:开源力量公开课第39期-CloudStack云中实践-刘宇超.zip,fileHref:http://pan.baidu.com/s/1te8B3
2014-12-04 10:57:59.931 DEBUG  c.x.c.PanBaiduBatchSave [PanBaiduBatchSave.java:97] 待处理：fileName:开源力量公开课第39期-CloudStack云中实践-刘宇超.zip,fileHref:http://pan.baidu.com/s/1te8B3
2014-12-04 10:58:17.407 DEBUG  c.x.c.PanBaiduBatchSave [PanBaiduBatchSave.java:246] 保存成功，点击查看保存的文件
2014-12-04 10:58:17.407 DEBUG  c.x.c.PanBaiduBatchSave [PanBaiduBatchSave.java:246] 保存成功，点击查看保存的文件
2014-12-04 10:58:18.522 DEBUG  c.x.c.PanBaiduBatchSave [PanBaiduBatchSave.java:97] 待处理：fileName:camtasia.msi,fileHref:http://pan.baidu.com/s/1ciZJx
2014-12-04 10:58:18.522 DEBUG  c.x.c.PanBaiduBatchSave [PanBaiduBatchSave.java:97] 待处理：fileName:camtasia.msi,fileHref:http://pan.baidu.com/s/1ciZJx
2014-12-04 10:58:35.879 DEBUG  c.x.c.PanBaiduBatchSave [PanBaiduBatchSave.java:246] 保存成功，点击查看保存的文件
2014-12-04 10:58:35.879 DEBUG  c.x.c.PanBaiduBatchSave [PanBaiduBatchSave.java:246] 保存成功，点击查看保存的文件
2014-12-04 10:58:36.990 DEBUG  c.x.c.PanBaiduBatchSave [PanBaiduBatchSave.java:97] 待处理：fileName:开源公开课第40期-网络安全渗透平台BackTrack5基础使用-林鹏.zip,fileHref:http://pan.baidu.com/s/1cO8Xx
2014-12-04 10:58:36.990 DEBUG  c.x.c.PanBaiduBatchSave [PanBaiduBatchSave.java:97] 待处理：fileName:开源公开课第40期-网络安全渗透平台BackTrack5基础使用-林鹏.zip,fileHref:http://pan.baidu.com/s/1cO8Xx
2014-12-04 10:58:54.270 DEBUG  c.x.c.PanBaiduBatchSave [PanBaiduBatchSave.java:246] 保存成功，点击查看保存的文件
2014-12-04 10:58:54.270 DEBUG  c.x.c.PanBaiduBatchSave [PanBaiduBatchSave.java:246] 保存成功，点击查看保存的文件
2014-12-04 10:58:55.385 DEBUG  c.x.c.PanBaiduBatchSave [PanBaiduBatchSave.java:97] 待处理：fileName:公开课第八期.flv,fileHref:http://pan.baidu.com/s/104xQB
2014-12-04 10:58:55.385 DEBUG  c.x.c.PanBaiduBatchSave [PanBaiduBatchSave.java:97] 待处理：fileName:公开课第八期.flv,fileHref:http://pan.baidu.com/s/104xQB
2014-12-04 10:59:17.748 DEBUG  c.x.c.PanBaiduBatchSave [PanBaiduBatchSave.java:246] 文件已存在 点击查看
2014-12-04 10:59:17.748 DEBUG  c.x.c.PanBaiduBatchSave [PanBaiduBatchSave.java:246] 文件已存在 点击查看
2014-12-04 10:59:18.852 DEBUG  c.x.c.PanBaiduBatchSave [PanBaiduBatchSave.java:97] 待处理：fileName:开源力量公开课第39期-软件研发管理实务–方法和工具-程显峰.zip,fileHref:http://pan.baidu.com/s/1GJcqJ
2014-12-04 10:59:18.852 DEBUG  c.x.c.PanBaiduBatchSave [PanBaiduBatchSave.java:97] 待处理：fileName:开源力量公开课第39期-软件研发管理实务–方法和工具-程显峰.zip,fileHref:http://pan.baidu.com/s/1GJcqJ
2014-12-04 10:59:36.151 DEBUG  c.x.c.PanBaiduBatchSave [PanBaiduBatchSave.java:246] 保存成功，点击查看保存的文件
2014-12-04 10:59:36.151 DEBUG  c.x.c.PanBaiduBatchSave [PanBaiduBatchSave.java:246] 保存成功，点击查看保存的文件
2014-12-04 10:59:37.258 DEBUG  c.x.c.PanBaiduBatchSave [PanBaiduBatchSave.java:89] 已处理：开源力量公开课第39期-软件研发管理实务–方法和工具-程显峰.zip
2014-12-04 10:59:37.258 DEBUG  c.x.c.PanBaiduBatchSave [PanBaiduBatchSave.java:89] 已处理：开源力量公开课第39期-软件研发管理实务–方法和工具-程显峰.zip
2014-12-04 10:59:37.292 DEBUG  c.x.c.PanBaiduBatchSave [PanBaiduBatchSave.java:97] 待处理：fileName:开源力量公开课第37期-Windows Azure OSS Overview-方兴.zip,fileHref:http://pan.baidu.com/s/1fjfm
2014-12-04 10:59:37.292 DEBUG  c.x.c.PanBaiduBatchSave [PanBaiduBatchSave.java:97] 待处理：fileName:开源力量公开课第37期-Windows Azure OSS Overview-方兴.zip,fileHref:http://pan.baidu.com/s/1fjfm
2014-12-04 10:59:54.750 DEBUG  c.x.c.PanBaiduBatchSave [PanBaiduBatchSave.java:246] 保存成功，点击查看保存的文件
2014-12-04 10:59:54.750 DEBUG  c.x.c.PanBaiduBatchSave [PanBaiduBatchSave.java:246] 保存成功，点击查看保存的文件
2014-12-04 10:59:55.889 DEBUG  c.x.c.PanBaiduBatchSave [PanBaiduBatchSave.java:97] 待处理：fileName:孔雀舞雷人哥.flv,fileHref:http://pan.baidu.com/s/1GIrvb
2014-12-04 10:59:55.889 DEBUG  c.x.c.PanBaiduBatchSave [PanBaiduBatchSave.java:97] 待处理：fileName:孔雀舞雷人哥.flv,fileHref:http://pan.baidu.com/s/1GIrvb
2014-12-04 11:00:18.360 DEBUG  c.x.c.PanBaiduBatchSave [PanBaiduBatchSave.java:246] 保存成功，点击查看保存的文件
2014-12-04 11:00:18.360 DEBUG  c.x.c.PanBaiduBatchSave [PanBaiduBatchSave.java:246] 保存成功，点击查看保存的文件
2014-12-04 11:00:19.491 DEBUG  c.x.c.PanBaiduBatchSave [PanBaiduBatchSave.java:97] 待处理：fileName:开源力量公开课第36期-孔雀舞.mp4,fileHref:http://pan.baidu.com/s/1wz3oj
2014-12-04 11:00:19.491 DEBUG  c.x.c.PanBaiduBatchSave [PanBaiduBatchSave.java:97] 待处理：fileName:开源力量公开课第36期-孔雀舞.mp4,fileHref:http://pan.baidu.com/s/1wz3oj
2014-12-04 11:00:42.025 DEBUG  c.x.c.PanBaiduBatchSave [PanBaiduBatchSave.java:246] 保存成功，点击查看保存的文件
2014-12-04 11:00:42.025 DEBUG  c.x.c.PanBaiduBatchSave [PanBaiduBatchSave.java:246] 保存成功，点击查看保存的文件
2014-12-04 11:00:43.171 DEBUG  c.x.c.PanBaiduBatchSave [PanBaiduBatchSave.java:89] 已处理：开源力量公开课第36期-孔雀舞.mp4
2014-12-04 11:00:43.171 DEBUG  c.x.c.PanBaiduBatchSave [PanBaiduBatchSave.java:89] 已处理：开源力量公开课第36期-孔雀舞.mp4
2014-12-04 11:00:43.204 DEBUG  c.x.c.PanBaiduBatchSave [PanBaiduBatchSave.java:89] 已处理：开源力量公开课第36期-孔雀舞.mp4
2014-12-04 11:00:43.204 DEBUG  c.x.c.PanBaiduBatchSave [PanBaiduBatchSave.java:89] 已处理：开源力量公开课第36期-孔雀舞.mp4
2014-12-04 11:00:43.237 DEBUG  c.x.c.PanBaiduBatchSave [PanBaiduBatchSave.java:97] 待处理：fileName:开源力量公开课第36期-Think in Android-李皓.zip,fileHref:http://pan.baidu.com/s/11Pgpz
2014-12-04 11:00:43.237 DEBUG  c.x.c.PanBaiduBatchSave [PanBaiduBatchSave.java:97] 待处理：fileName:开源力量公开课第36期-Think in Android-李皓.zip,fileHref:http://pan.baidu.com/s/11Pgpz
2014-12-04 11:01:00.711 DEBUG  c.x.c.PanBaiduBatchSave [PanBaiduBatchSave.java:246] 保存成功，点击查看保存的文件
2014-12-04 11:01:00.711 DEBUG  c.x.c.PanBaiduBatchSave [PanBaiduBatchSave.java:246] 保存成功，点击查看保存的文件
2014-12-04 11:01:01.864 DEBUG  c.x.c.PanBaiduBatchSave [PanBaiduBatchSave.java:97] 待处理：fileName:开源力量公开课第36期-Think in Android-李皓.pdf,fileHref:http://pan.baidu.com/s/1orWuI
2014-12-04 11:01:01.864 DEBUG  c.x.c.PanBaiduBatchSave [PanBaiduBatchSave.java:97] 待处理：fileName:开源力量公开课第36期-Think in Android-李皓.pdf,fileHref:http://pan.baidu.com/s/1orWuI
2014-12-04 11:01:24.404 DEBUG  c.x.c.PanBaiduBatchSave [PanBaiduBatchSave.java:246] 保存成功，点击查看保存的文件
2014-12-04 11:01:24.404 DEBUG  c.x.c.PanBaiduBatchSave [PanBaiduBatchSave.java:246] 保存成功，点击查看保存的文件
2014-12-04 11:01:25.544 DEBUG  c.x.c.PanBaiduBatchSave [PanBaiduBatchSave.java:97] 待处理：fileName:开源力量公开课第35期-KVM虚拟机的性能优化-邱剑.zip,fileHref:http://pan.baidu.com/s/1kTxcw
2014-12-04 11:01:25.544 DEBUG  c.x.c.PanBaiduBatchSave [PanBaiduBatchSave.java:97] 待处理：fileName:开源力量公开课第35期-KVM虚拟机的性能优化-邱剑.zip,fileHref:http://pan.baidu.com/s/1kTxcw
2014-12-04 11:01:42.996 DEBUG  c.x.c.PanBaiduBatchSave [PanBaiduBatchSave.java:246] 保存成功，点击查看保存的文件
2014-12-04 11:01:42.996 DEBUG  c.x.c.PanBaiduBatchSave [PanBaiduBatchSave.java:246] 保存成功，点击查看保存的文件
2014-12-04 11:01:44.099 DEBUG  c.x.c.PanBaiduBatchSave [PanBaiduBatchSave.java:89] 已处理：开源力量公开课第35期-KVM虚拟机的性能优化-邱剑.zip
2014-12-04 11:01:44.099 DEBUG  c.x.c.PanBaiduBatchSave [PanBaiduBatchSave.java:89] 已处理：开源力量公开课第35期-KVM虚拟机的性能优化-邱剑.zip
2014-12-04 11:01:44.135 DEBUG  c.x.c.PanBaiduBatchSave [PanBaiduBatchSave.java:97] 待处理：fileName:开源力量公开课第33期-教你用Cocos2D-X开发跨平台移动应用-沈大海.zip,fileHref:http://pan.baidu.com/s/1cfoEs
2014-12-04 11:01:44.135 DEBUG  c.x.c.PanBaiduBatchSave [PanBaiduBatchSave.java:97] 待处理：fileName:开源力量公开课第33期-教你用Cocos2D-X开发跨平台移动应用-沈大海.zip,fileHref:http://pan.baidu.com/s/1cfoEs
2014-12-04 11:02:01.587 DEBUG  c.x.c.PanBaiduBatchSave [PanBaiduBatchSave.java:246] 保存成功，点击查看保存的文件
2014-12-04 11:02:01.587 DEBUG  c.x.c.PanBaiduBatchSave [PanBaiduBatchSave.java:246] 保存成功，点击查看保存的文件
2014-12-04 11:02:02.709 DEBUG  c.x.c.PanBaiduBatchSave [PanBaiduBatchSave.java:97] 待处理：fileName:开源力量公开课第32期-另辟蹊径，基于轻量虚拟化的PaaS平台–RedHat OpenShift-蔡书.zip,fileHref:http://pan.baidu.com/s/1kmL9q
2014-12-04 11:02:02.709 DEBUG  c.x.c.PanBaiduBatchSave [PanBaiduBatchSave.java:97] 待处理：fileName:开源力量公开课第32期-另辟蹊径，基于轻量虚拟化的PaaS平台–RedHat OpenShift-蔡书.zip,fileHref:http://pan.baidu.com/s/1kmL9q
2014-12-04 11:02:20.058 DEBUG  c.x.c.PanBaiduBatchSave [PanBaiduBatchSave.java:246] 保存成功，点击查看保存的文件
2014-12-04 11:02:20.058 DEBUG  c.x.c.PanBaiduBatchSave [PanBaiduBatchSave.java:246] 保存成功，点击查看保存的文件
2014-12-04 11:02:21.150 DEBUG  c.x.c.PanBaiduBatchSave [PanBaiduBatchSave.java:97] 待处理：fileName:开源力量公开课第31期-Nutch,从搜索引擎到网络爬虫-杨尚川.zip,fileHref:http://pan.baidu.com/s/1DsZTJ
2014-12-04 11:02:21.150 DEBUG  c.x.c.PanBaiduBatchSave [PanBaiduBatchSave.java:97] 待处理：fileName:开源力量公开课第31期-Nutch,从搜索引擎到网络爬虫-杨尚川.zip,fileHref:http://pan.baidu.com/s/1DsZTJ
2014-12-04 11:02:38.524 DEBUG  c.x.c.PanBaiduBatchSave [PanBaiduBatchSave.java:246] 保存成功，点击查看保存的文件
2014-12-04 11:02:38.524 DEBUG  c.x.c.PanBaiduBatchSave [PanBaiduBatchSave.java:246] 保存成功，点击查看保存的文件
2014-12-04 11:02:39.742 DEBUG  c.x.c.PanBaiduBatchSave [PanBaiduBatchSave.java:97] 待处理：fileName:开源力量公开课第30期-一起聊Openstack-陈沙克.zip,fileHref:http://pan.baidu.com/s/19VlBE
2014-12-04 11:02:39.742 DEBUG  c.x.c.PanBaiduBatchSave [PanBaiduBatchSave.java:97] 待处理：fileName:开源力量公开课第30期-一起聊Openstack-陈沙克.zip,fileHref:http://pan.baidu.com/s/19VlBE
2014-12-04 11:02:57.141 DEBUG  c.x.c.PanBaiduBatchSave [PanBaiduBatchSave.java:246] 保存成功，点击查看保存的文件
2014-12-04 11:02:57.141 DEBUG  c.x.c.PanBaiduBatchSave [PanBaiduBatchSave.java:246] 保存成功，点击查看保存的文件
2014-12-04 11:02:58.235 DEBUG  c.x.c.PanBaiduBatchSave [PanBaiduBatchSave.java:97] 待处理：fileName:开源力量公开课第29期-云开两朵，各表一枝–公、私有云架构异同点与难点-郭理靖.zip,fileHref:http://pan.baidu.com/s/1BXdU8
2014-12-04 11:02:58.235 DEBUG  c.x.c.PanBaiduBatchSave [PanBaiduBatchSave.java:97] 待处理：fileName:开源力量公开课第29期-云开两朵，各表一枝–公、私有云架构异同点与难点-郭理靖.zip,fileHref:http://pan.baidu.com/s/1BXdU8
2014-12-04 11:03:15.601 DEBUG  c.x.c.PanBaiduBatchSave [PanBaiduBatchSave.java:246] 保存成功，点击查看保存的文件
2014-12-04 11:03:15.601 DEBUG  c.x.c.PanBaiduBatchSave [PanBaiduBatchSave.java:246] 保存成功，点击查看保存的文件
2014-12-04 11:03:16.695 DEBUG  c.x.c.PanBaiduBatchSave [PanBaiduBatchSave.java:97] 待处理：fileName:开源力量公开课第28期-Windows8应用开发概览-华康强.zip,fileHref:http://pan.baidu.com/s/1cLlMN
2014-12-04 11:03:16.695 DEBUG  c.x.c.PanBaiduBatchSave [PanBaiduBatchSave.java:97] 待处理：fileName:开源力量公开课第28期-Windows8应用开发概览-华康强.zip,fileHref:http://pan.baidu.com/s/1cLlMN
2014-12-04 11:03:34.168 DEBUG  c.x.c.PanBaiduBatchSave [PanBaiduBatchSave.java:246] 保存成功，点击查看保存的文件
2014-12-04 11:03:34.168 DEBUG  c.x.c.PanBaiduBatchSave [PanBaiduBatchSave.java:246] 保存成功，点击查看保存的文件
2014-12-04 11:03:35.289 DEBUG  c.x.c.PanBaiduBatchSave [PanBaiduBatchSave.java:97] 待处理：fileName:开源力量公开课第26期-大数据的实时分析与应用案例分享-吴朱华.zip,fileHref:http://pan.baidu.com/s/13jB07
2014-12-04 11:03:35.289 DEBUG  c.x.c.PanBaiduBatchSave [PanBaiduBatchSave.java:97] 待处理：fileName:开源力量公开课第26期-大数据的实时分析与应用案例分享-吴朱华.zip,fileHref:http://pan.baidu.com/s/13jB07
2014-12-04 11:03:52.798 DEBUG  c.x.c.PanBaiduBatchSave [PanBaiduBatchSave.java:246] 保存成功，点击查看保存的文件
2014-12-04 11:03:52.798 DEBUG  c.x.c.PanBaiduBatchSave [PanBaiduBatchSave.java:246] 保存成功，点击查看保存的文件
2014-12-04 11:03:53.927 DEBUG  c.x.c.PanBaiduBatchSave [PanBaiduBatchSave.java:97] 待处理：fileName:开源力量公开课第25期-交互设计，不只是界面-王伟.zip,fileHref:http://pan.baidu.com/s/1tamsf
2014-12-04 11:03:53.927 DEBUG  c.x.c.PanBaiduBatchSave [PanBaiduBatchSave.java:97] 待处理：fileName:开源力量公开课第25期-交互设计，不只是界面-王伟.zip,fileHref:http://pan.baidu.com/s/1tamsf
2014-12-04 11:04:11.331 DEBUG  c.x.c.PanBaiduBatchSave [PanBaiduBatchSave.java:246] 保存成功，点击查看保存的文件
2014-12-04 11:04:11.331 DEBUG  c.x.c.PanBaiduBatchSave [PanBaiduBatchSave.java:246] 保存成功，点击查看保存的文件
2014-12-04 11:04:12.458 DEBUG  c.x.c.PanBaiduBatchSave [PanBaiduBatchSave.java:97] 待处理：fileName:开源力量公开课第24期-为何Hadoop是分布式大数据处理的未来&如何掌握Hadoop-王家林.zip,fileHref:http://pan.baidu.com/s/1DsZSQ
2014-12-04 11:04:12.458 DEBUG  c.x.c.PanBaiduBatchSave [PanBaiduBatchSave.java:97] 待处理：fileName:开源力量公开课第24期-为何Hadoop是分布式大数据处理的未来&如何掌握Hadoop-王家林.zip,fileHref:http://pan.baidu.com/s/1DsZSQ
2014-12-04 11:04:29.915 DEBUG  c.x.c.PanBaiduBatchSave [PanBaiduBatchSave.java:246] 保存成功，点击查看保存的文件
2014-12-04 11:04:29.915 DEBUG  c.x.c.PanBaiduBatchSave [PanBaiduBatchSave.java:246] 保存成功，点击查看保存的文件
2014-12-04 11:04:31.032 DEBUG  c.x.c.PanBaiduBatchSave [PanBaiduBatchSave.java:97] 待处理：fileName:开源力量公开课第23期-从SVN到Git，次时代代码管理-姚欣宇.zip,fileHref:http://pan.baidu.com/s/15R07J
2014-12-04 11:04:31.032 DEBUG  c.x.c.PanBaiduBatchSave [PanBaiduBatchSave.java:97] 待处理：fileName:开源力量公开课第23期-从SVN到Git，次时代代码管理-姚欣宇.zip,fileHref:http://pan.baidu.com/s/15R07J
2014-12-04 11:04:48.542 DEBUG  c.x.c.PanBaiduBatchSave [PanBaiduBatchSave.java:246] 保存成功，点击查看保存的文件
2014-12-04 11:04:48.542 DEBUG  c.x.c.PanBaiduBatchSave [PanBaiduBatchSave.java:246] 保存成功，点击查看保存的文件
2014-12-04 11:04:49.665 DEBUG  c.x.c.PanBaiduBatchSave [PanBaiduBatchSave.java:97] 待处理：fileName:开源力量公开课第22期-独立游戏启示录Revealation of Indie Games-熊攀峰.zip,fileHref:http://pan.baidu.com/s/1suoMM
2014-12-04 11:04:49.665 DEBUG  c.x.c.PanBaiduBatchSave [PanBaiduBatchSave.java:97] 待处理：fileName:开源力量公开课第22期-独立游戏启示录Revealation of Indie Games-熊攀峰.zip,fileHref:http://pan.baidu.com/s/1suoMM
2014-12-04 11:05:07.146 DEBUG  c.x.c.PanBaiduBatchSave [PanBaiduBatchSave.java:246] 保存成功，点击查看保存的文件
2014-12-04 11:05:07.146 DEBUG  c.x.c.PanBaiduBatchSave [PanBaiduBatchSave.java:246] 保存成功，点击查看保存的文件
2014-12-04 11:06:07.638 DEBUG  c.x.c.PanBaiduBatchSave [PanBaiduBatchSave.java:64] 没有登陆啊！
2014-12-04 11:06:07.638 DEBUG  c.x.c.PanBaiduBatchSave [PanBaiduBatchSave.java:64] 没有登陆啊！
2014-12-04 11:06:09.896 DEBUG  c.x.c.PanBaiduBatchSave [PanBaiduBatchSave.java:72] 登陆成功！
2014-12-04 11:06:09.896 DEBUG  c.x.c.PanBaiduBatchSave [PanBaiduBatchSave.java:72] 登陆成功！
2014-12-04 11:06:14.957 DEBUG  c.x.c.PanBaiduBatchSave [PanBaiduBatchSave.java:89] 已处理：制作好的视频
2014-12-04 11:06:14.957 DEBUG  c.x.c.PanBaiduBatchSave [PanBaiduBatchSave.java:89] 已处理：制作好的视频
2014-12-04 11:06:14.978 DEBUG  c.x.c.PanBaiduBatchSave [PanBaiduBatchSave.java:89] 已处理：制作好的视频
2014-12-04 11:06:14.978 DEBUG  c.x.c.PanBaiduBatchSave [PanBaiduBatchSave.java:89] 已处理：制作好的视频
2014-12-04 11:06:15.001 DEBUG  c.x.c.PanBaiduBatchSave [PanBaiduBatchSave.java:89] 已处理：tony-intro.mov
2014-12-04 11:06:15.001 DEBUG  c.x.c.PanBaiduBatchSave [PanBaiduBatchSave.java:89] 已处理：tony-intro.mov
2014-12-04 11:06:15.021 DEBUG  c.x.c.PanBaiduBatchSave [PanBaiduBatchSave.java:89] 已处理：photo
2014-12-04 11:06:15.021 DEBUG  c.x.c.PanBaiduBatchSave [PanBaiduBatchSave.java:89] 已处理：photo
2014-12-04 11:06:15.041 DEBUG  c.x.c.PanBaiduBatchSave [PanBaiduBatchSave.java:89] 已处理：开源力量公开课第四十三期-红帽Openstack快速入门-王钧.zip
2014-12-04 11:06:15.041 DEBUG  c.x.c.PanBaiduBatchSave [PanBaiduBatchSave.java:89] 已处理：开源力量公开课第四十三期-红帽Openstack快速入门-王钧.zip
2014-12-04 11:06:15.062 DEBUG  c.x.c.PanBaiduBatchSave [PanBaiduBatchSave.java:89] 已处理：公开课第19期.flv
2014-12-04 11:06:15.062 DEBUG  c.x.c.PanBaiduBatchSave [PanBaiduBatchSave.java:89] 已处理：公开课第19期.flv
2014-12-04 11:06:15.082 DEBUG  c.x.c.PanBaiduBatchSave [PanBaiduBatchSave.java:89] 已处理：公开课第25期.flv
2014-12-04 11:06:15.082 DEBUG  c.x.c.PanBaiduBatchSave [PanBaiduBatchSave.java:89] 已处理：公开课第25期.flv
2014-12-04 11:06:15.103 DEBUG  c.x.c.PanBaiduBatchSave [PanBaiduBatchSave.java:89] 已处理：公开课第18期.flv
2014-12-04 11:06:15.103 DEBUG  c.x.c.PanBaiduBatchSave [PanBaiduBatchSave.java:89] 已处理：公开课第18期.flv
2014-12-04 11:06:15.122 DEBUG  c.x.c.PanBaiduBatchSave [PanBaiduBatchSave.java:89] 已处理：公开课第17期.flv
2014-12-04 11:06:15.122 DEBUG  c.x.c.PanBaiduBatchSave [PanBaiduBatchSave.java:89] 已处理：公开课第17期.flv
2014-12-04 11:06:15.142 DEBUG  c.x.c.PanBaiduBatchSave [PanBaiduBatchSave.java:89] 已处理：公开课第15期.flv
2014-12-04 11:06:15.142 DEBUG  c.x.c.PanBaiduBatchSave [PanBaiduBatchSave.java:89] 已处理：公开课第15期.flv
2014-12-04 11:06:15.161 DEBUG  c.x.c.PanBaiduBatchSave [PanBaiduBatchSave.java:89] 已处理：公开课第14期.flv
2014-12-04 11:06:15.161 DEBUG  c.x.c.PanBaiduBatchSave [PanBaiduBatchSave.java:89] 已处理：公开课第14期.flv
2014-12-04 11:06:15.184 DEBUG  c.x.c.PanBaiduBatchSave [PanBaiduBatchSave.java:89] 已处理：公开课第11期.flv
2014-12-04 11:06:15.184 DEBUG  c.x.c.PanBaiduBatchSave [PanBaiduBatchSave.java:89] 已处理：公开课第11期.flv
2014-12-04 11:06:15.204 DEBUG  c.x.c.PanBaiduBatchSave [PanBaiduBatchSave.java:89] 已处理：公开课第10期.flv
2014-12-04 11:06:15.204 DEBUG  c.x.c.PanBaiduBatchSave [PanBaiduBatchSave.java:89] 已处理：公开课第10期.flv
2014-12-04 11:06:15.224 DEBUG  c.x.c.PanBaiduBatchSave [PanBaiduBatchSave.java:89] 已处理：公开课第9期.flv
2014-12-04 11:06:15.224 DEBUG  c.x.c.PanBaiduBatchSave [PanBaiduBatchSave.java:89] 已处理：公开课第9期.flv
2014-12-04 11:06:15.247 DEBUG  c.x.c.PanBaiduBatchSave [PanBaiduBatchSave.java:89] 已处理：公开课第8期.flv
2014-12-04 11:06:15.247 DEBUG  c.x.c.PanBaiduBatchSave [PanBaiduBatchSave.java:89] 已处理：公开课第8期.flv
2014-12-04 11:06:15.268 DEBUG  c.x.c.PanBaiduBatchSave [PanBaiduBatchSave.java:89] 已处理：公开课第2期.flv
2014-12-04 11:06:15.268 DEBUG  c.x.c.PanBaiduBatchSave [PanBaiduBatchSave.java:89] 已处理：公开课第2期.flv
2014-12-04 11:06:15.295 DEBUG  c.x.c.PanBaiduBatchSave [PanBaiduBatchSave.java:89] 已处理：公开课第1期.flv
2014-12-04 11:06:15.295 DEBUG  c.x.c.PanBaiduBatchSave [PanBaiduBatchSave.java:89] 已处理：公开课第1期.flv
2014-12-04 11:06:15.317 DEBUG  c.x.c.PanBaiduBatchSave [PanBaiduBatchSave.java:89] 已处理：开源力量公开课第四十一期-为什么比特币是靠谱的？20131203190243#.flv
2014-12-04 11:06:15.317 DEBUG  c.x.c.PanBaiduBatchSave [PanBaiduBatchSave.java:89] 已处理：开源力量公开课第四十一期-为什么比特币是靠谱的？20131203190243#.flv
2014-12-04 11:06:15.341 DEBUG  c.x.c.PanBaiduBatchSave [PanBaiduBatchSave.java:89] 已处理：开源力量公开课第四十二期-应用性能管理的过去现在和未来-何晓阳.zip
2014-12-04 11:06:15.341 DEBUG  c.x.c.PanBaiduBatchSave [PanBaiduBatchSave.java:89] 已处理：开源力量公开课第四十二期-应用性能管理的过去现在和未来-何晓阳.zip
2014-12-04 11:06:15.362 DEBUG  c.x.c.PanBaiduBatchSave [PanBaiduBatchSave.java:89] 已处理：X展架-公益大学大数据.rar
2014-12-04 11:06:15.362 DEBUG  c.x.c.PanBaiduBatchSave [PanBaiduBatchSave.java:89] 已处理：X展架-公益大学大数据.rar
2014-12-04 11:06:15.383 DEBUG  c.x.c.PanBaiduBatchSave [PanBaiduBatchSave.java:89] 已处理：L2.flv等
2014-12-04 11:06:15.383 DEBUG  c.x.c.PanBaiduBatchSave [PanBaiduBatchSave.java:89] 已处理：L2.flv等
2014-12-04 11:06:15.404 DEBUG  c.x.c.PanBaiduBatchSave [PanBaiduBatchSave.java:89] 已处理：开源力量公开课第41期-为什么比特币是靠谱的-潘志飙.zip
2014-12-04 11:06:15.404 DEBUG  c.x.c.PanBaiduBatchSave [PanBaiduBatchSave.java:89] 已处理：开源力量公开课第41期-为什么比特币是靠谱的-潘志飙.zip
2014-12-04 11:06:15.424 DEBUG  c.x.c.PanBaiduBatchSave [PanBaiduBatchSave.java:89] 已处理：开源力量公开课第39期-CloudStack云中实践-刘宇超.zip
2014-12-04 11:06:15.424 DEBUG  c.x.c.PanBaiduBatchSave [PanBaiduBatchSave.java:89] 已处理：开源力量公开课第39期-CloudStack云中实践-刘宇超.zip
2014-12-04 11:06:15.444 DEBUG  c.x.c.PanBaiduBatchSave [PanBaiduBatchSave.java:89] 已处理：camtasia.msi
2014-12-04 11:06:15.444 DEBUG  c.x.c.PanBaiduBatchSave [PanBaiduBatchSave.java:89] 已处理：camtasia.msi
2014-12-04 11:06:15.464 DEBUG  c.x.c.PanBaiduBatchSave [PanBaiduBatchSave.java:89] 已处理：开源公开课第40期-网络安全渗透平台BackTrack5基础使用-林鹏.zip
2014-12-04 11:06:15.464 DEBUG  c.x.c.PanBaiduBatchSave [PanBaiduBatchSave.java:89] 已处理：开源公开课第40期-网络安全渗透平台BackTrack5基础使用-林鹏.zip
2014-12-04 11:06:15.484 DEBUG  c.x.c.PanBaiduBatchSave [PanBaiduBatchSave.java:89] 已处理：公开课第八期.flv
2014-12-04 11:06:15.484 DEBUG  c.x.c.PanBaiduBatchSave [PanBaiduBatchSave.java:89] 已处理：公开课第八期.flv
2014-12-04 11:06:15.505 DEBUG  c.x.c.PanBaiduBatchSave [PanBaiduBatchSave.java:89] 已处理：开源力量公开课第39期-软件研发管理实务–方法和工具-程显峰.zip
2014-12-04 11:06:15.505 DEBUG  c.x.c.PanBaiduBatchSave [PanBaiduBatchSave.java:89] 已处理：开源力量公开课第39期-软件研发管理实务–方法和工具-程显峰.zip
2014-12-04 11:06:15.526 DEBUG  c.x.c.PanBaiduBatchSave [PanBaiduBatchSave.java:89] 已处理：开源力量公开课第39期-软件研发管理实务–方法和工具-程显峰.zip
2014-12-04 11:06:15.526 DEBUG  c.x.c.PanBaiduBatchSave [PanBaiduBatchSave.java:89] 已处理：开源力量公开课第39期-软件研发管理实务–方法和工具-程显峰.zip
2014-12-04 11:06:15.547 DEBUG  c.x.c.PanBaiduBatchSave [PanBaiduBatchSave.java:89] 已处理：开源力量公开课第37期-Windows Azure OSS Overview-方兴.zip
2014-12-04 11:06:15.547 DEBUG  c.x.c.PanBaiduBatchSave [PanBaiduBatchSave.java:89] 已处理：开源力量公开课第37期-Windows Azure OSS Overview-方兴.zip
2014-12-04 11:06:15.567 DEBUG  c.x.c.PanBaiduBatchSave [PanBaiduBatchSave.java:89] 已处理：孔雀舞雷人哥.flv
2014-12-04 11:06:15.567 DEBUG  c.x.c.PanBaiduBatchSave [PanBaiduBatchSave.java:89] 已处理：孔雀舞雷人哥.flv
2014-12-04 11:06:15.587 DEBUG  c.x.c.PanBaiduBatchSave [PanBaiduBatchSave.java:89] 已处理：开源力量公开课第36期-孔雀舞.mp4
2014-12-04 11:06:15.587 DEBUG  c.x.c.PanBaiduBatchSave [PanBaiduBatchSave.java:89] 已处理：开源力量公开课第36期-孔雀舞.mp4
2014-12-04 11:06:15.608 DEBUG  c.x.c.PanBaiduBatchSave [PanBaiduBatchSave.java:89] 已处理：开源力量公开课第36期-孔雀舞.mp4
2014-12-04 11:06:15.608 DEBUG  c.x.c.PanBaiduBatchSave [PanBaiduBatchSave.java:89] 已处理：开源力量公开课第36期-孔雀舞.mp4
2014-12-04 11:06:15.628 DEBUG  c.x.c.PanBaiduBatchSave [PanBaiduBatchSave.java:89] 已处理：开源力量公开课第36期-孔雀舞.mp4
2014-12-04 11:06:15.628 DEBUG  c.x.c.PanBaiduBatchSave [PanBaiduBatchSave.java:89] 已处理：开源力量公开课第36期-孔雀舞.mp4
2014-12-04 11:06:15.649 DEBUG  c.x.c.PanBaiduBatchSave [PanBaiduBatchSave.java:89] 已处理：开源力量公开课第36期-Think in Android-李皓.zip
2014-12-04 11:06:15.649 DEBUG  c.x.c.PanBaiduBatchSave [PanBaiduBatchSave.java:89] 已处理：开源力量公开课第36期-Think in Android-李皓.zip
2014-12-04 11:06:15.669 DEBUG  c.x.c.PanBaiduBatchSave [PanBaiduBatchSave.java:89] 已处理：开源力量公开课第36期-Think in Android-李皓.pdf
2014-12-04 11:06:15.669 DEBUG  c.x.c.PanBaiduBatchSave [PanBaiduBatchSave.java:89] 已处理：开源力量公开课第36期-Think in Android-李皓.pdf
2014-12-04 11:06:15.690 DEBUG  c.x.c.PanBaiduBatchSave [PanBaiduBatchSave.java:89] 已处理：开源力量公开课第35期-KVM虚拟机的性能优化-邱剑.zip
2014-12-04 11:06:15.690 DEBUG  c.x.c.PanBaiduBatchSave [PanBaiduBatchSave.java:89] 已处理：开源力量公开课第35期-KVM虚拟机的性能优化-邱剑.zip
2014-12-04 11:06:15.709 DEBUG  c.x.c.PanBaiduBatchSave [PanBaiduBatchSave.java:89] 已处理：开源力量公开课第35期-KVM虚拟机的性能优化-邱剑.zip
2014-12-04 11:06:15.709 DEBUG  c.x.c.PanBaiduBatchSave [PanBaiduBatchSave.java:89] 已处理：开源力量公开课第35期-KVM虚拟机的性能优化-邱剑.zip
2014-12-04 11:06:15.734 DEBUG  c.x.c.PanBaiduBatchSave [PanBaiduBatchSave.java:89] 已处理：开源力量公开课第33期-教你用Cocos2D-X开发跨平台移动应用-沈大海.zip
2014-12-04 11:06:15.734 DEBUG  c.x.c.PanBaiduBatchSave [PanBaiduBatchSave.java:89] 已处理：开源力量公开课第33期-教你用Cocos2D-X开发跨平台移动应用-沈大海.zip
2014-12-04 11:06:15.756 DEBUG  c.x.c.PanBaiduBatchSave [PanBaiduBatchSave.java:89] 已处理：开源力量公开课第32期-另辟蹊径，基于轻量虚拟化的PaaS平台–RedHat OpenShift-蔡书.zip
2014-12-04 11:06:15.756 DEBUG  c.x.c.PanBaiduBatchSave [PanBaiduBatchSave.java:89] 已处理：开源力量公开课第32期-另辟蹊径，基于轻量虚拟化的PaaS平台–RedHat OpenShift-蔡书.zip
2014-12-04 11:06:15.794 DEBUG  c.x.c.PanBaiduBatchSave [PanBaiduBatchSave.java:97] 待处理：fileName:开源力量公开课第31期-Nutch,从搜索引擎到网络爬虫-杨尚川.zip,fileHref:http://pan.baidu.com/s/1DsZTJ
2014-12-04 11:06:15.794 DEBUG  c.x.c.PanBaiduBatchSave [PanBaiduBatchSave.java:97] 待处理：fileName:开源力量公开课第31期-Nutch,从搜索引擎到网络爬虫-杨尚川.zip,fileHref:http://pan.baidu.com/s/1DsZTJ
2014-12-04 11:06:32.640 DEBUG  c.x.c.PanBaiduBatchSave [PanBaiduBatchSave.java:206] 没有最新保存路径~~~~~
2014-12-04 11:06:32.640 DEBUG  c.x.c.PanBaiduBatchSave [PanBaiduBatchSave.java:206] 没有最新保存路径~~~~~
2014-12-04 11:06:43.254 DEBUG  c.x.c.PanBaiduBatchSave [PanBaiduBatchSave.java:246] 文件已存在 点击查看
2014-12-04 11:06:43.254 DEBUG  c.x.c.PanBaiduBatchSave [PanBaiduBatchSave.java:246] 文件已存在 点击查看
2014-12-04 11:06:44.373 DEBUG  c.x.c.PanBaiduBatchSave [PanBaiduBatchSave.java:89] 已处理：开源力量公开课第30期-一起聊Openstack-陈沙克.zip
2014-12-04 11:06:44.373 DEBUG  c.x.c.PanBaiduBatchSave [PanBaiduBatchSave.java:89] 已处理：开源力量公开课第30期-一起聊Openstack-陈沙克.zip
2014-12-04 11:06:44.393 DEBUG  c.x.c.PanBaiduBatchSave [PanBaiduBatchSave.java:89] 已处理：开源力量公开课第29期-云开两朵，各表一枝–公、私有云架构异同点与难点-郭理靖.zip
2014-12-04 11:06:44.393 DEBUG  c.x.c.PanBaiduBatchSave [PanBaiduBatchSave.java:89] 已处理：开源力量公开课第29期-云开两朵，各表一枝–公、私有云架构异同点与难点-郭理靖.zip
2014-12-04 11:06:44.427 DEBUG  c.x.c.PanBaiduBatchSave [PanBaiduBatchSave.java:89] 已处理：开源力量公开课第28期-Windows8应用开发概览-华康强.zip
2014-12-04 11:06:44.427 DEBUG  c.x.c.PanBaiduBatchSave [PanBaiduBatchSave.java:89] 已处理：开源力量公开课第28期-Windows8应用开发概览-华康强.zip
2014-12-04 11:06:44.447 DEBUG  c.x.c.PanBaiduBatchSave [PanBaiduBatchSave.java:89] 已处理：开源力量公开课第26期-大数据的实时分析与应用案例分享-吴朱华.zip
2014-12-04 11:06:44.447 DEBUG  c.x.c.PanBaiduBatchSave [PanBaiduBatchSave.java:89] 已处理：开源力量公开课第26期-大数据的实时分析与应用案例分享-吴朱华.zip
2014-12-04 11:06:44.467 DEBUG  c.x.c.PanBaiduBatchSave [PanBaiduBatchSave.java:89] 已处理：开源力量公开课第25期-交互设计，不只是界面-王伟.zip
2014-12-04 11:06:44.467 DEBUG  c.x.c.PanBaiduBatchSave [PanBaiduBatchSave.java:89] 已处理：开源力量公开课第25期-交互设计，不只是界面-王伟.zip
2014-12-04 11:06:44.487 DEBUG  c.x.c.PanBaiduBatchSave [PanBaiduBatchSave.java:89] 已处理：开源力量公开课第24期-为何Hadoop是分布式大数据处理的未来&如何掌握Hadoop-王家林.zip
2014-12-04 11:06:44.487 DEBUG  c.x.c.PanBaiduBatchSave [PanBaiduBatchSave.java:89] 已处理：开源力量公开课第24期-为何Hadoop是分布式大数据处理的未来&如何掌握Hadoop-王家林.zip
2014-12-04 11:06:44.508 DEBUG  c.x.c.PanBaiduBatchSave [PanBaiduBatchSave.java:89] 已处理：开源力量公开课第23期-从SVN到Git，次时代代码管理-姚欣宇.zip
2014-12-04 11:06:44.508 DEBUG  c.x.c.PanBaiduBatchSave [PanBaiduBatchSave.java:89] 已处理：开源力量公开课第23期-从SVN到Git，次时代代码管理-姚欣宇.zip
2014-12-04 11:06:44.528 DEBUG  c.x.c.PanBaiduBatchSave [PanBaiduBatchSave.java:89] 已处理：开源力量公开课第22期-独立游戏启示录Revealation of Indie Games-熊攀峰.zip
2014-12-04 11:06:44.528 DEBUG  c.x.c.PanBaiduBatchSave [PanBaiduBatchSave.java:89] 已处理：开源力量公开课第22期-独立游戏启示录Revealation of Indie Games-熊攀峰.zip
2014-12-04 11:06:44.558 DEBUG  c.x.c.PanBaiduBatchSave [PanBaiduBatchSave.java:97] 待处理：fileName:开源力量公开课第21期-用开源软件构建App的高效服务端-祈宏.zip,fileHref:http://pan.baidu.com/s/1qYvyu
2014-12-04 11:06:44.558 DEBUG  c.x.c.PanBaiduBatchSave [PanBaiduBatchSave.java:97] 待处理：fileName:开源力量公开课第21期-用开源软件构建App的高效服务端-祈宏.zip,fileHref:http://pan.baidu.com/s/1qYvyu
2014-12-04 11:07:01.916 DEBUG  c.x.c.PanBaiduBatchSave [PanBaiduBatchSave.java:246] 保存成功，点击查看保存的文件
2014-12-04 11:07:01.916 DEBUG  c.x.c.PanBaiduBatchSave [PanBaiduBatchSave.java:246] 保存成功，点击查看保存的文件
2014-12-04 11:07:03.044 DEBUG  c.x.c.PanBaiduBatchSave [PanBaiduBatchSave.java:97] 待处理：fileName:开源力量公开课第20期-淘宝软件基础设施实践-章文嵩.zip,fileHref:http://pan.baidu.com/s/15l3pX
2014-12-04 11:07:03.044 DEBUG  c.x.c.PanBaiduBatchSave [PanBaiduBatchSave.java:97] 待处理：fileName:开源力量公开课第20期-淘宝软件基础设施实践-章文嵩.zip,fileHref:http://pan.baidu.com/s/15l3pX
2014-12-04 11:07:20.409 DEBUG  c.x.c.PanBaiduBatchSave [PanBaiduBatchSave.java:246] 保存成功，点击查看保存的文件
2014-12-04 11:07:20.409 DEBUG  c.x.c.PanBaiduBatchSave [PanBaiduBatchSave.java:246] 保存成功，点击查看保存的文件
2014-12-04 11:07:21.572 DEBUG  c.x.c.PanBaiduBatchSave [PanBaiduBatchSave.java:97] 待处理：fileName:开源力量公开课第20期-如何采用开源技术构建开放混合云-张国华.zip,fileHref:http://pan.baidu.com/s/1l8FDk
2014-12-04 11:07:21.572 DEBUG  c.x.c.PanBaiduBatchSave [PanBaiduBatchSave.java:97] 待处理：fileName:开源力量公开课第20期-如何采用开源技术构建开放混合云-张国华.zip,fileHref:http://pan.baidu.com/s/1l8FDk
2014-12-04 11:07:39.078 DEBUG  c.x.c.PanBaiduBatchSave [PanBaiduBatchSave.java:246] 保存成功，点击查看保存的文件
2014-12-04 11:07:39.078 DEBUG  c.x.c.PanBaiduBatchSave [PanBaiduBatchSave.java:246] 保存成功，点击查看保存的文件
2014-12-04 11:07:40.217 DEBUG  c.x.c.PanBaiduBatchSave [PanBaiduBatchSave.java:97] 待处理：fileName:开源力量公开课第20期-金融服务开源之路-岳勇.zip,fileHref:http://pan.baidu.com/s/101KMo
2014-12-04 11:07:40.217 DEBUG  c.x.c.PanBaiduBatchSave [PanBaiduBatchSave.java:97] 待处理：fileName:开源力量公开课第20期-金融服务开源之路-岳勇.zip,fileHref:http://pan.baidu.com/s/101KMo
2014-12-04 11:07:57.616 DEBUG  c.x.c.PanBaiduBatchSave [PanBaiduBatchSave.java:246] 保存成功，点击查看保存的文件
2014-12-04 11:07:57.616 DEBUG  c.x.c.PanBaiduBatchSave [PanBaiduBatchSave.java:246] 保存成功，点击查看保存的文件
2014-12-04 11:07:58.742 DEBUG  c.x.c.PanBaiduBatchSave [PanBaiduBatchSave.java:97] 待处理：fileName:开源力量公开课第20期-交易所系统开源应用-刘凯.zip,fileHref:http://pan.baidu.com/s/1tamr0
2014-12-04 11:07:58.742 DEBUG  c.x.c.PanBaiduBatchSave [PanBaiduBatchSave.java:97] 待处理：fileName:开源力量公开课第20期-交易所系统开源应用-刘凯.zip,fileHref:http://pan.baidu.com/s/1tamr0
2014-12-04 11:08:16.097 DEBUG  c.x.c.PanBaiduBatchSave [PanBaiduBatchSave.java:246] 保存成功，点击查看保存的文件
2014-12-04 11:08:16.097 DEBUG  c.x.c.PanBaiduBatchSave [PanBaiduBatchSave.java:246] 保存成功，点击查看保存的文件
2014-12-04 11:08:17.207 DEBUG  c.x.c.PanBaiduBatchSave [PanBaiduBatchSave.java:97] 待处理：fileName:开源力量公开课第20期-UbuntuKylin的国际化与本地化-余杰.zip,fileHref:http://pan.baidu.com/s/1GGLXn
2014-12-04 11:08:17.207 DEBUG  c.x.c.PanBaiduBatchSave [PanBaiduBatchSave.java:97] 待处理：fileName:开源力量公开课第20期-UbuntuKylin的国际化与本地化-余杰.zip,fileHref:http://pan.baidu.com/s/1GGLXn
2014-12-04 11:08:37.351 DEBUG  c.x.c.PanBaiduBatchSave [PanBaiduBatchSave.java:246] 保存成功，点击查看保存的文件
2014-12-04 11:08:37.351 DEBUG  c.x.c.PanBaiduBatchSave [PanBaiduBatchSave.java:246] 保存成功，点击查看保存的文件
2014-12-04 11:08:38.449 DEBUG  c.x.c.PanBaiduBatchSave [PanBaiduBatchSave.java:97] 待处理：fileName:开源力量公开课第19期-Java事件编程-彭晨阳.zip,fileHref:http://pan.baidu.com/s/123DwX
2014-12-04 11:08:38.449 DEBUG  c.x.c.PanBaiduBatchSave [PanBaiduBatchSave.java:97] 待处理：fileName:开源力量公开课第19期-Java事件编程-彭晨阳.zip,fileHref:http://pan.baidu.com/s/123DwX
2014-12-04 11:08:55.806 DEBUG  c.x.c.PanBaiduBatchSave [PanBaiduBatchSave.java:246] 保存成功，点击查看保存的文件
2014-12-04 11:08:55.806 DEBUG  c.x.c.PanBaiduBatchSave [PanBaiduBatchSave.java:246] 保存成功，点击查看保存的文件
2014-12-04 11:08:56.902 DEBUG  c.x.c.PanBaiduBatchSave [PanBaiduBatchSave.java:97] 待处理：fileName:开源力量公开课第17期-HTTP协议相关的若干安全问题-李道兵.zip,fileHref:http://pan.baidu.com/s/1cLlMp
2014-12-04 11:08:56.902 DEBUG  c.x.c.PanBaiduBatchSave [PanBaiduBatchSave.java:97] 待处理：fileName:开源力量公开课第17期-HTTP协议相关的若干安全问题-李道兵.zip,fileHref:http://pan.baidu.com/s/1cLlMp
2014-12-04 11:09:14.418 DEBUG  c.x.c.PanBaiduBatchSave [PanBaiduBatchSave.java:246] 保存成功，点击查看保存的文件
2014-12-04 11:09:14.418 DEBUG  c.x.c.PanBaiduBatchSave [PanBaiduBatchSave.java:246] 保存成功，点击查看保存的文件
2014-12-04 11:09:15.532 DEBUG  c.x.c.PanBaiduBatchSave [PanBaiduBatchSave.java:97] 待处理：fileName:开源力量公开课第14期-移动互联网研发团队的技术管理实践探讨-胡长城.zip,fileHref:http://pan.baidu.com/s/19poIt
2014-12-04 11:09:15.532 DEBUG  c.x.c.PanBaiduBatchSave [PanBaiduBatchSave.java:97] 待处理：fileName:开源力量公开课第14期-移动互联网研发团队的技术管理实践探讨-胡长城.zip,fileHref:http://pan.baidu.com/s/19poIt
2014-12-04 11:09:32.980 DEBUG  c.x.c.PanBaiduBatchSave [PanBaiduBatchSave.java:246] 保存成功，点击查看保存的文件
2014-12-04 11:09:32.980 DEBUG  c.x.c.PanBaiduBatchSave [PanBaiduBatchSave.java:246] 保存成功，点击查看保存的文件
2014-12-04 11:09:34.112 DEBUG  c.x.c.PanBaiduBatchSave [PanBaiduBatchSave.java:97] 待处理：fileName:开源力量公开课第13期-Web之外的HTML5世界-魏子均.zip,fileHref:http://pan.baidu.com/s/1ABjnE
2014-12-04 11:09:34.112 DEBUG  c.x.c.PanBaiduBatchSave [PanBaiduBatchSave.java:97] 待处理：fileName:开源力量公开课第13期-Web之外的HTML5世界-魏子均.zip,fileHref:http://pan.baidu.com/s/1ABjnE
2014-12-04 11:09:51.547 DEBUG  c.x.c.PanBaiduBatchSave [PanBaiduBatchSave.java:246] 保存成功，点击查看保存的文件
2014-12-04 11:09:51.547 DEBUG  c.x.c.PanBaiduBatchSave [PanBaiduBatchSave.java:246] 保存成功，点击查看保存的文件
2014-12-04 11:09:52.644 DEBUG  c.x.c.PanBaiduBatchSave [PanBaiduBatchSave.java:97] 待处理：fileName:开源力量公开课第11期-一起来学Scala-马钧.zip,fileHref:http://pan.baidu.com/s/1nA68E
2014-12-04 11:09:52.644 DEBUG  c.x.c.PanBaiduBatchSave [PanBaiduBatchSave.java:97] 待处理：fileName:开源力量公开课第11期-一起来学Scala-马钧.zip,fileHref:http://pan.baidu.com/s/1nA68E
2014-12-04 11:10:10.333 DEBUG  c.x.c.PanBaiduBatchSave [PanBaiduBatchSave.java:246] 保存成功，点击查看保存的文件
2014-12-04 11:10:10.333 DEBUG  c.x.c.PanBaiduBatchSave [PanBaiduBatchSave.java:246] 保存成功，点击查看保存的文件
2014-12-04 11:10:11.433 DEBUG  c.x.c.PanBaiduBatchSave [PanBaiduBatchSave.java:97] 待处理：fileName:开源力量公开课第10期-纠结中前行的配置管理-马万平.zip,fileHref:http://pan.baidu.com/s/1j6NjH
2014-12-04 11:10:11.433 DEBUG  c.x.c.PanBaiduBatchSave [PanBaiduBatchSave.java:97] 待处理：fileName:开源力量公开课第10期-纠结中前行的配置管理-马万平.zip,fileHref:http://pan.baidu.com/s/1j6NjH
2014-12-04 11:10:28.796 DEBUG  c.x.c.PanBaiduBatchSave [PanBaiduBatchSave.java:246] 保存成功，点击查看保存的文件
2014-12-04 11:10:28.796 DEBUG  c.x.c.PanBaiduBatchSave [PanBaiduBatchSave.java:246] 保存成功，点击查看保存的文件
2014-12-04 11:10:29.885 DEBUG  c.x.c.PanBaiduBatchSave [PanBaiduBatchSave.java:105] 处理下一页....
2014-12-04 11:10:29.885 DEBUG  c.x.c.PanBaiduBatchSave [PanBaiduBatchSave.java:105] 处理下一页....
2014-12-04 11:10:35.007 DEBUG  c.x.c.PanBaiduBatchSave [PanBaiduBatchSave.java:97] 待处理：fileName:开源力量公开课第8期-move to Linux 3.x for ARM-宋宝华.zip,fileHref:http://pan.baidu.com/s/17nuWC
2014-12-04 11:10:35.007 DEBUG  c.x.c.PanBaiduBatchSave [PanBaiduBatchSave.java:97] 待处理：fileName:开源力量公开课第8期-move to Linux 3.x for ARM-宋宝华.zip,fileHref:http://pan.baidu.com/s/17nuWC
2014-12-04 11:10:52.318 DEBUG  c.x.c.PanBaiduBatchSave [PanBaiduBatchSave.java:246] 保存成功，点击查看保存的文件
2014-12-04 11:10:52.318 DEBUG  c.x.c.PanBaiduBatchSave [PanBaiduBatchSave.java:246] 保存成功，点击查看保存的文件
2014-12-04 11:10:53.415 DEBUG  c.x.c.PanBaiduBatchSave [PanBaiduBatchSave.java:97] 待处理：fileName:开源力量公开课第7期-如何用开源软件打造企业邮件营销系统-刘建平.zip,fileHref:http://pan.baidu.com/s/1mUA4h
2014-12-04 11:10:53.415 DEBUG  c.x.c.PanBaiduBatchSave [PanBaiduBatchSave.java:97] 待处理：fileName:开源力量公开课第7期-如何用开源软件打造企业邮件营销系统-刘建平.zip,fileHref:http://pan.baidu.com/s/1mUA4h
2014-12-04 11:11:10.916 DEBUG  c.x.c.PanBaiduBatchSave [PanBaiduBatchSave.java:246] 保存成功，点击查看保存的文件
2014-12-04 11:11:10.916 DEBUG  c.x.c.PanBaiduBatchSave [PanBaiduBatchSave.java:246] 保存成功，点击查看保存的文件
2014-12-04 11:11:12.050 DEBUG  c.x.c.PanBaiduBatchSave [PanBaiduBatchSave.java:97] 待处理：fileName:开源力量公开课第6期-两小时玩转OpenStack-杜玉杰.zip,fileHref:http://pan.baidu.com/s/1ehh6Q
2014-12-04 11:11:12.050 DEBUG  c.x.c.PanBaiduBatchSave [PanBaiduBatchSave.java:97] 待处理：fileName:开源力量公开课第6期-两小时玩转OpenStack-杜玉杰.zip,fileHref:http://pan.baidu.com/s/1ehh6Q
2014-12-04 11:11:29.518 DEBUG  c.x.c.PanBaiduBatchSave [PanBaiduBatchSave.java:246] 保存成功，点击查看保存的文件
2014-12-04 11:11:29.518 DEBUG  c.x.c.PanBaiduBatchSave [PanBaiduBatchSave.java:246] 保存成功，点击查看保存的文件
2014-12-04 11:11:30.652 DEBUG  c.x.c.PanBaiduBatchSave [PanBaiduBatchSave.java:97] 待处理：fileName:开源力量公开课第4期-Maven与持续集成-许晓斌.zip,fileHref:http://pan.baidu.com/s/17TtlW
2014-12-04 11:11:30.652 DEBUG  c.x.c.PanBaiduBatchSave [PanBaiduBatchSave.java:97] 待处理：fileName:开源力量公开课第4期-Maven与持续集成-许晓斌.zip,fileHref:http://pan.baidu.com/s/17TtlW
2014-12-04 11:11:48.130 DEBUG  c.x.c.PanBaiduBatchSave [PanBaiduBatchSave.java:246] 保存成功，点击查看保存的文件
2014-12-04 11:11:48.130 DEBUG  c.x.c.PanBaiduBatchSave [PanBaiduBatchSave.java:246] 保存成功，点击查看保存的文件
2014-12-04 11:11:49.245 DEBUG  c.x.c.PanBaiduBatchSave [PanBaiduBatchSave.java:97] 待处理：fileName:开源力量公开课第2期-Go, 基于连接与组合的语言-许式伟.zip,fileHref:http://pan.baidu.com/s/1nA67m
2014-12-04 11:11:49.245 DEBUG  c.x.c.PanBaiduBatchSave [PanBaiduBatchSave.java:97] 待处理：fileName:开源力量公开课第2期-Go, 基于连接与组合的语言-许式伟.zip,fileHref:http://pan.baidu.com/s/1nA67m
2014-12-04 11:12:06.750 DEBUG  c.x.c.PanBaiduBatchSave [PanBaiduBatchSave.java:246] 保存成功，点击查看保存的文件
2014-12-04 11:12:06.750 DEBUG  c.x.c.PanBaiduBatchSave [PanBaiduBatchSave.java:246] 保存成功，点击查看保存的文件
2014-12-04 11:12:07.879 DEBUG  c.x.c.PanBaiduBatchSave [PanBaiduBatchSave.java:97] 待处理：fileName:开源力量公开课第1期-生产环境下的Java排错调优-施懿民.zip,fileHref:http://pan.baidu.com/s/1gOWoF
2014-12-04 11:12:07.879 DEBUG  c.x.c.PanBaiduBatchSave [PanBaiduBatchSave.java:97] 待处理：fileName:开源力量公开课第1期-生产环境下的Java排错调优-施懿民.zip,fileHref:http://pan.baidu.com/s/1gOWoF
2014-12-04 11:12:25.327 DEBUG  c.x.c.PanBaiduBatchSave [PanBaiduBatchSave.java:246] 保存成功，点击查看保存的文件
2014-12-04 11:12:25.327 DEBUG  c.x.c.PanBaiduBatchSave [PanBaiduBatchSave.java:246] 保存成功，点击查看保存的文件
2014-12-04 11:12:26.468 DEBUG  c.x.c.PanBaiduBatchSave [PanBaiduBatchSave.java:97] 待处理：fileName:开源力量公开课第14期-移动互联网研发团队的技术管理实践探讨-胡长城.pdf,fileHref:http://pan.baidu.com/s/1GGLJL
2014-12-04 11:12:26.468 DEBUG  c.x.c.PanBaiduBatchSave [PanBaiduBatchSave.java:97] 待处理：fileName:开源力量公开课第14期-移动互联网研发团队的技术管理实践探讨-胡长城.pdf,fileHref:http://pan.baidu.com/s/1GGLJL
2014-12-04 11:12:48.957 DEBUG  c.x.c.PanBaiduBatchSave [PanBaiduBatchSave.java:246] 保存成功，点击查看保存的文件
2014-12-04 11:12:48.957 DEBUG  c.x.c.PanBaiduBatchSave [PanBaiduBatchSave.java:246] 保存成功，点击查看保存的文件
2014-12-04 11:12:50.095 DEBUG  c.x.c.PanBaiduBatchSave [PanBaiduBatchSave.java:97] 待处理：fileName:开源力量公开课第13期-Web之外的HTML5世界-魏子均.pdf,fileHref:http://pan.baidu.com/s/1tGlth
2014-12-04 11:12:50.095 DEBUG  c.x.c.PanBaiduBatchSave [PanBaiduBatchSave.java:97] 待处理：fileName:开源力量公开课第13期-Web之外的HTML5世界-魏子均.pdf,fileHref:http://pan.baidu.com/s/1tGlth
2014-12-04 11:13:12.417 DEBUG  c.x.c.PanBaiduBatchSave [PanBaiduBatchSave.java:246] 保存成功，点击查看保存的文件
2014-12-04 11:13:12.417 DEBUG  c.x.c.PanBaiduBatchSave [PanBaiduBatchSave.java:246] 保存成功，点击查看保存的文件
2014-12-04 11:13:13.540 DEBUG  c.x.c.PanBaiduBatchSave [PanBaiduBatchSave.java:97] 待处理：fileName:开源力量公开课第11期-一起来学Scala-马钧.pdf,fileHref:http://pan.baidu.com/s/1vIbOE
2014-12-04 11:13:13.540 DEBUG  c.x.c.PanBaiduBatchSave [PanBaiduBatchSave.java:97] 待处理：fileName:开源力量公开课第11期-一起来学Scala-马钧.pdf,fileHref:http://pan.baidu.com/s/1vIbOE
2014-12-04 11:13:35.913 DEBUG  c.x.c.PanBaiduBatchSave [PanBaiduBatchSave.java:246] 保存成功，点击查看保存的文件
2014-12-04 11:13:35.913 DEBUG  c.x.c.PanBaiduBatchSave [PanBaiduBatchSave.java:246] 保存成功，点击查看保存的文件
2014-12-04 11:13:37.008 DEBUG  c.x.c.PanBaiduBatchSave [PanBaiduBatchSave.java:97] 待处理：fileName:开源力量公开课第10期-纠结中前行的配置管理-马万平.pdf,fileHref:http://pan.baidu.com/s/1qYvlf
2014-12-04 11:13:37.008 DEBUG  c.x.c.PanBaiduBatchSave [PanBaiduBatchSave.java:97] 待处理：fileName:开源力量公开课第10期-纠结中前行的配置管理-马万平.pdf,fileHref:http://pan.baidu.com/s/1qYvlf
2014-12-04 11:13:59.338 DEBUG  c.x.c.PanBaiduBatchSave [PanBaiduBatchSave.java:246] 保存成功，点击查看保存的文件
2014-12-04 11:13:59.338 DEBUG  c.x.c.PanBaiduBatchSave [PanBaiduBatchSave.java:246] 保存成功，点击查看保存的文件
2014-12-04 11:14:00.432 DEBUG  c.x.c.PanBaiduBatchSave [PanBaiduBatchSave.java:97] 待处理：fileName:开源力量公开课第8期-move to Linux 3.x for ARM-宋宝华.pdf,fileHref:http://pan.baidu.com/s/1j6MVm
2014-12-04 11:14:00.432 DEBUG  c.x.c.PanBaiduBatchSave [PanBaiduBatchSave.java:97] 待处理：fileName:开源力量公开课第8期-move to Linux 3.x for ARM-宋宝华.pdf,fileHref:http://pan.baidu.com/s/1j6MVm
2014-12-04 11:14:22.847 DEBUG  c.x.c.PanBaiduBatchSave [PanBaiduBatchSave.java:246] 保存成功，点击查看保存的文件
2014-12-04 11:14:22.847 DEBUG  c.x.c.PanBaiduBatchSave [PanBaiduBatchSave.java:246] 保存成功，点击查看保存的文件
2014-12-04 11:14:23.974 DEBUG  c.x.c.PanBaiduBatchSave [PanBaiduBatchSave.java:97] 待处理：fileName:开源力量公开课第7期-如何用开源软件打造企业邮件营销系统-刘建平.pdf,fileHref:http://pan.baidu.com/s/1eNfkO
2014-12-04 11:14:23.974 DEBUG  c.x.c.PanBaiduBatchSave [PanBaiduBatchSave.java:97] 待处理：fileName:开源力量公开课第7期-如何用开源软件打造企业邮件营销系统-刘建平.pdf,fileHref:http://pan.baidu.com/s/1eNfkO
2014-12-04 11:14:46.506 DEBUG  c.x.c.PanBaiduBatchSave [PanBaiduBatchSave.java:246] 保存成功，点击查看保存的文件
2014-12-04 11:14:46.506 DEBUG  c.x.c.PanBaiduBatchSave [PanBaiduBatchSave.java:246] 保存成功，点击查看保存的文件
2014-12-04 11:14:47.646 DEBUG  c.x.c.PanBaiduBatchSave [PanBaiduBatchSave.java:97] 待处理：fileName:开源力量公开课第6期-两小时玩转OpenStack-杜玉杰.pdf,fileHref:http://pan.baidu.com/s/1qsxgr
2014-12-04 11:14:47.646 DEBUG  c.x.c.PanBaiduBatchSave [PanBaiduBatchSave.java:97] 待处理：fileName:开源力量公开课第6期-两小时玩转OpenStack-杜玉杰.pdf,fileHref:http://pan.baidu.com/s/1qsxgr
2014-12-04 11:15:10.128 DEBUG  c.x.c.PanBaiduBatchSave [PanBaiduBatchSave.java:246] 保存成功，点击查看保存的文件
2014-12-04 11:15:10.128 DEBUG  c.x.c.PanBaiduBatchSave [PanBaiduBatchSave.java:246] 保存成功，点击查看保存的文件
2014-12-04 11:15:11.242 DEBUG  c.x.c.PanBaiduBatchSave [PanBaiduBatchSave.java:97] 待处理：fileName:开源力量公开课第4期-Maven与持续集成-许晓斌.pdf,fileHref:http://pan.baidu.com/s/1f3cID
2014-12-04 11:15:11.242 DEBUG  c.x.c.PanBaiduBatchSave [PanBaiduBatchSave.java:97] 待处理：fileName:开源力量公开课第4期-Maven与持续集成-许晓斌.pdf,fileHref:http://pan.baidu.com/s/1f3cID
2014-12-04 11:15:33.816 DEBUG  c.x.c.PanBaiduBatchSave [PanBaiduBatchSave.java:246] 保存成功，点击查看保存的文件
2014-12-04 11:15:33.816 DEBUG  c.x.c.PanBaiduBatchSave [PanBaiduBatchSave.java:246] 保存成功，点击查看保存的文件
2014-12-04 11:15:34.950 DEBUG  c.x.c.PanBaiduBatchSave [PanBaiduBatchSave.java:97] 待处理：fileName:开源力量公开课第2期-Go, 基于连接与组合的语言-许式伟.pdf,fileHref:http://pan.baidu.com/s/1nA6pt
2014-12-04 11:15:34.950 DEBUG  c.x.c.PanBaiduBatchSave [PanBaiduBatchSave.java:97] 待处理：fileName:开源力量公开课第2期-Go, 基于连接与组合的语言-许式伟.pdf,fileHref:http://pan.baidu.com/s/1nA6pt
2014-12-04 11:15:57.404 DEBUG  c.x.c.PanBaiduBatchSave [PanBaiduBatchSave.java:246] 保存成功，点击查看保存的文件
2014-12-04 11:15:57.404 DEBUG  c.x.c.PanBaiduBatchSave [PanBaiduBatchSave.java:246] 保存成功，点击查看保存的文件
2014-12-04 11:15:58.520 DEBUG  c.x.c.PanBaiduBatchSave [PanBaiduBatchSave.java:97] 待处理：fileName:开源力量公开课第1期-生产环境下的Java排错调优-施懿民.pdf,fileHref:http://pan.baidu.com/s/1vIbMc
2014-12-04 11:15:58.520 DEBUG  c.x.c.PanBaiduBatchSave [PanBaiduBatchSave.java:97] 待处理：fileName:开源力量公开课第1期-生产环境下的Java排错调优-施懿民.pdf,fileHref:http://pan.baidu.com/s/1vIbMc
2014-12-04 11:16:20.989 DEBUG  c.x.c.PanBaiduBatchSave [PanBaiduBatchSave.java:246] 保存成功，点击查看保存的文件
2014-12-04 11:16:20.989 DEBUG  c.x.c.PanBaiduBatchSave [PanBaiduBatchSave.java:246] 保存成功，点击查看保存的文件
2014-12-04 11:16:22.082 DEBUG  c.x.c.PanBaiduBatchSave [PanBaiduBatchSave.java:97] 待处理：fileName:开源力量公开课第32期-另辟蹊径，基于轻量虚拟化的PaaS平台–RedHat OpenShift-蔡书.pdf,fileHref:http://pan.baidu.com/s/1mUAmv
2014-12-04 11:16:22.082 DEBUG  c.x.c.PanBaiduBatchSave [PanBaiduBatchSave.java:97] 待处理：fileName:开源力量公开课第32期-另辟蹊径，基于轻量虚拟化的PaaS平台–RedHat OpenShift-蔡书.pdf,fileHref:http://pan.baidu.com/s/1mUAmv
2014-12-04 11:16:44.882 DEBUG  c.x.c.PanBaiduBatchSave [PanBaiduBatchSave.java:246] 保存成功，点击查看保存的文件
2014-12-04 11:16:44.882 DEBUG  c.x.c.PanBaiduBatchSave [PanBaiduBatchSave.java:246] 保存成功，点击查看保存的文件
2014-12-04 11:16:45.973 DEBUG  c.x.c.PanBaiduBatchSave [PanBaiduBatchSave.java:112] 没有下一页了。。。
2014-12-04 11:16:45.973 DEBUG  c.x.c.PanBaiduBatchSave [PanBaiduBatchSave.java:112] 没有下一页了。。。
